Alert: Arbitrage Bot started!
BTC-USDT: $116729.8 | Bid: $116729.8 | Ask: $116729.9
ETH-USDT: $4416.72 | Bid: $4416.7 | Ask: $4416.72
SOL-USDT: $188.37 | Bid: $188.37 | Ask: $188.38
BTC-USDT: $116710.4 | Bid: $116710.3 | Ask: $116710.4
ETH-USDT: $4414.89 | Bid: $4414.89 | Ask: $4414.9
SOL-USDT: $188.3 | Bid: $188.28 | Ask: $188.29
BTC-USDT: $116687 | Bid: $116686.9 | Ask: $116687
ETH-USDT: $4414.1 | Bid: $4414.09 | Ask: $4414.1
SOL-USDT: $188.29 | Bid: $188.28 | Ask: $188.29
BTC-USDT: $116671.4 | Bid: $116671.4 | Ask: $116671.5
ETH-USDT: $4413.49 | Bid: $4413.21 | Ask: $4413.22
SOL-USDT: $188.2 | Bid: $188.18 | Ask: $188.19
BTC-USDT: $116680 | Bid: $116681.9 | Ask: $116682
ETH-USDT: $4412.86 | Bid: $4412.85 | Ask: $4412.86
SOL-USDT: $188.17 | Bid: $188.16 | Ask: $188.17
BTC-USDT: $116662 | Bid: $116661.9 | Ask: $116662
ETH-USDT: $4410.45 | Bid: $4410.4 | Ask: $4410.46
SOL-USDT: $188.12 | Bid: $188.12 | Ask: $188.13
BTC-USDT: $116656 | Bid: $116655.9 | Ask: $116656
ETH-USDT: $4409.56 | Bid: $4409.55 | Ask: $4409.56
SOL-USDT: $188.1 | Bid: $188.09 | Ask: $188.1
BTC-USDT: $116657.9 | Bid: $116657.8 | Ask: $116657.9
ETH-USDT: $4408.72 | Bid: $4408.71 | Ask: $4408.85
SOL-USDT: $188.19 | Bid: $188.16 | Ask: $188.17
BTC-USDT: $116653.5 | Bid: $116653.4 | Ask: $116653.5
ETH-USDT: $4407.2 | Bid: $4407.2 | Ask: $4407.21
SOL-USDT: $188.16 | Bid: $188.15 | Ask: $188.16
BTC-USDT: $116649.2 | Bid: $116649.1 | Ask: $116649.2
ETH-USDT: $4407.97 | Bid: $4407.74 | Ask: $4407.75
SOL-USDT: $188.17 | Bid: $188.17 | Ask: $188.18
BTC-USDT: $116653.5 | Bid: $116653.4 | Ask: $116653.5
ETH-USDT: $4407.7 | Bid: $4407.51 | Ask: $4407.52
SOL-USDT: $188.14 | Bid: $188.12 | Ask: $188.13
BTC-USDT: $116672.6 | Bid: $116670.8 | Ask: $116672.7
ETH-USDT: $4409.39 | Bid: $4409.1 | Ask: $4409.11
SOL-USDT: $188.21 | Bid: $188.21 | Ask: $188.22
BTC-USDT: $116672 | Bid: $116671.9 | Ask: $116673.1
ETH-USDT: $4408.6 | Bid: $4408.59 | Ask: $4408.6
SOL-USDT: $188.24 | Bid: $188.24 | Ask: $188.25
BTC-USDT: $116680.2 | Bid: $116680.2 | Ask: $116680.3
ETH-USDT: $4408.94 | Bid: $4408.93 | Ask: $4408.94
SOL-USDT: $188.29 | Bid: $188.29 | Ask: $188.3
BTC-USDT: $116670.6 | Bid: $116670.5 | Ask: $116670.6
ETH-USDT: $4408.4 | Bid: $4408.4 | Ask: $4408.41
SOL-USDT: $188.3 | Bid: $188.29 | Ask: $188.3
BTC-USDT: $116675.9 | Bid: $116675.8 | Ask: $116675.9
ETH-USDT: $4408.95 | Bid: $4408.66 | Ask: $4408.67
SOL-USDT: $188.36 | Bid: $188.36 | Ask: $188.37
BTC-USDT: $116664.3 | Bid: $116664.2 | Ask: $116664.3
ETH-USDT: $4408.28 | Bid: $4408.27 | Ask: $4408.28
SOL-USDT: $188.33 | Bid: $188.32 | Ask: $188.33
BTC-USDT: $116664.6 | Bid: $116664.6 | Ask: $116664.7
ETH-USDT: $4410.79 | Bid: $4410.28 | Ask: $4410.29
SOL-USDT: $188.32 | Bid: $188.31 | Ask: $188.32
BTC-USDT: $116664.7 | Bid: $116664.6 | Ask: $116664.7
ETH-USDT: $4407.89 | Bid: $4407.88 | Ask: $4407.89
SOL-USDT: $188.24 | Bid: $188.23 | Ask: $188.24
BTC-USDT: $116663.8 | Bid: $116663.8 | Ask: $116663.9
ETH-USDT: $4408.72 | Bid: $4408.71 | Ask: $4408.72
SOL-USDT: $188.29 | Bid: $188.26 | Ask: $188.27
BTC-USDT: $116657.2 | Bid: $116657.2 | Ask: $116657.3
ETH-USDT: $4407.73 | Bid: $4407.31 | Ask: $4407.32
SOL-USDT: $188.25 | Bid: $188.24 | Ask: $188.25
BTC-USDT: $116655.2 | Bid: $116655.1 | Ask: $116655.2
ETH-USDT: $4406.24 | Bid: $4406.23 | Ask: $4406.4
SOL-USDT: $188.12 | Bid: $188.16 | Ask: $188.17
BTC-USDT: $116655.2 | Bid: $116655.1 | Ask: $116655.2
ETH-USDT: $4407.2 | Bid: $4407.22 | Ask: $4407.23
SOL-USDT: $188.21 | Bid: $188.22 | Ask: $188.23
BTC-USDT: $116655.2 | Bid: $116655.1 | Ask: $116655.2
ETH-USDT: $4405.88 | Bid: $4406 | Ask: $4406.01
SOL-USDT: $188.18 | Bid: $188.17 | Ask: $188.18
BTC-USDT: $116655.2 | Bid: $116655.1 | Ask: $116655.2
ETH-USDT: $4407.39 | Bid: $4407.38 | Ask: $4407.51
SOL-USDT: $188.22 | Bid: $188.23 | Ask: $188.24
BTC-USDT: $116639.2 | Bid: $116639.1 | Ask: $116639.2
ETH-USDT: $4406.76 | Bid: $4406.75 | Ask: $4406.76
SOL-USDT: $188.17 | Bid: $188.17 | Ask: $188.18
BTC-USDT: $116623.5 | Bid: $116616 | Ask: $116616.1
ETH-USDT: $4402.98 | Bid: $4402.97 | Ask: $4402.98
SOL-USDT: $188.06 | Bid: $188.07 | Ask: $188.08
BTC-USDT: $116594.1 | Bid: $116594.1 | Ask: $116594.2
ETH-USDT: $4398.6 | Bid: $4398.57 | Ask: $4398.65
SOL-USDT: $187.87 | Bid: $187.86 | Ask: $187.87
BTC-USDT: $116579.3 | Bid: $116576.2 | Ask: $116579.4
ETH-USDT: $4398.16 | Bid: $4398.15 | Ask: $4398.16
SOL-USDT: $187.85 | Bid: $187.82 | Ask: $187.83
BTC-USDT: $116558.3 | Bid: $116559.9 | Ask: $116560
ETH-USDT: $4401.54 | Bid: $4401.55 | Ask: $4401.56
SOL-USDT: $187.89 | Bid: $187.88 | Ask: $187.9
BTC-USDT: $116673.7 | Bid: $116673.7 | Ask: $116673.8
ETH-USDT: $4405.31 | Bid: $4405.3 | Ask: $4405.31
SOL-USDT: $188.16 | Bid: $188.15 | Ask: $188.17
BTC-USDT: $116717.8 | Bid: $116717.7 | Ask: $116717.8
ETH-USDT: $4410.9 | Bid: $4410.77 | Ask: $4410.78
SOL-USDT: $188.4 | Bid: $188.36 | Ask: $188.37
BTC-USDT: $116799.9 | Bid: $116797.9 | Ask: $116799.9
ETH-USDT: $4413.19 | Bid: $4413.18 | Ask: $4413.2
SOL-USDT: $188.55 | Bid: $188.55 | Ask: $188.56
BTC-USDT: $116839.9 | Bid: $116839.8 | Ask: $116839.9
ETH-USDT: $4417.56 | Bid: $4417.55 | Ask: $4418
SOL-USDT: $188.63 | Bid: $188.62 | Ask: $188.64
BTC-USDT: $116857.9 | Bid: $116857.1 | Ask: $116857.2
ETH-USDT: $4414.52 | Bid: $4414.52 | Ask: $4414.53
SOL-USDT: $188.43 | Bid: $188.42 | Ask: $188.43
BTC-USDT: $116757 | Bid: $116756.9 | Ask: $116757
ETH-USDT: $4410.9 | Bid: $4410.59 | Ask: $4411
SOL-USDT: $188.43 | Bid: $188.43 | Ask: $188.44
BTC-USDT: $116756.1 | Bid: $116756 | Ask: $116756.1
ETH-USDT: $4410.93 | Bid: $4410.3 | Ask: $4410.31
SOL-USDT: $188.38 | Bid: $188.38 | Ask: $188.39
BTC-USDT: $116798.5 | Bid: $116798.4 | Ask: $116798.5
ETH-USDT: $4412.81 | Bid: $4412.8 | Ask: $4412.81
SOL-USDT: $188.37 | Bid: $188.37 | Ask: $188.38
BTC-USDT: $116808.9 | Bid: $116808.8 | Ask: $116808.9
ETH-USDT: $4415.46 | Bid: $4415.59 | Ask: $4415.6
SOL-USDT: $188.34 | Bid: $188.32 | Ask: $188.33
BTC-USDT: $116784 | Bid: $116785.5 | Ask: $116785.6
ETH-USDT: $4414.09 | Bid: $4414.02 | Ask: $4414.1
SOL-USDT: $188.24 | Bid: $188.28 | Ask: $188.29
BTC-USDT: $116787.7 | Bid: $116787.6 | Ask: $116787.7
ETH-USDT: $4414.71 | Bid: $4414.7 | Ask: $4414.71
SOL-USDT: $188.29 | Bid: $188.29 | Ask: $188.3
BTC-USDT: $116797.7 | Bid: $116795.9 | Ask: $116796
ETH-USDT: $4414.45 | Bid: $4414.59 | Ask: $4414.6
SOL-USDT: $188.26 | Bid: $188.28 | Ask: $188.29
BTC-USDT: $116748 | Bid: $116747.9 | Ask: $116750.3
ETH-USDT: $4410.38 | Bid: $4410.32 | Ask: $4410.33
SOL-USDT: $188.17 | Bid: $188.16 | Ask: $188.18
BTC-USDT: $116753.9 | Bid: $116748 | Ask: $116748.1
ETH-USDT: $4410.29 | Bid: $4410.29 | Ask: $4410.3
SOL-USDT: $188.19 | Bid: $188.16 | Ask: $188.17
BTC-USDT: $116759.7 | Bid: $116759.7 | Ask: $116759.8
ETH-USDT: $4412.19 | Bid: $4412.19 | Ask: $4412.2
SOL-USDT: $188.16 | Bid: $188.19 | Ask: $188.2
BTC-USDT: $116724.1 | Bid: $116724.1 | Ask: $116724.2
ETH-USDT: $4409.09 | Bid: $4408.72 | Ask: $4408.73
SOL-USDT: $188.02 | Bid: $188.01 | Ask: $188.02
BTC-USDT: $116673.5 | Bid: $116673.5 | Ask: $116673.6
ETH-USDT: $4406.92 | Bid: $4406.92 | Ask: $4406.93
SOL-USDT: $187.92 | Bid: $187.92 | Ask: $187.93
BTC-USDT: $116666 | Bid: $116666 | Ask: $116666.1
ETH-USDT: $4405.59 | Bid: $4405.58 | Ask: $4405.59
SOL-USDT: $187.89 | Bid: $187.88 | Ask: $187.89
BTC-USDT: $116660.1 | Bid: $116660 | Ask: $116660.1
ETH-USDT: $4406.66 | Bid: $4406.66 | Ask: $4406.67
SOL-USDT: $188 | Bid: $187.98 | Ask: $187.99
BTC-USDT: $116634.8 | Bid: $116630 | Ask: $116634.9
ETH-USDT: $4404.81 | Bid: $4404.8 | Ask: $4404.81
SOL-USDT: $188.06 | Bid: $188.04 | Ask: $188.05
BTC-USDT: $116647.1 | Bid: $116647 | Ask: $116647.1
ETH-USDT: $4404.52 | Bid: $4404.79 | Ask: $4404.8
SOL-USDT: $187.96 | Bid: $187.98 | Ask: $187.99
BTC-USDT: $116684.9 | Bid: $116684.8 | Ask: $116684.9
ETH-USDT: $4410.35 | Bid: $4410.34 | Ask: $4410.35
SOL-USDT: $188.13 | Bid: $188.12 | Ask: $188.15
BTC-USDT: $116636.2 | Bid: $116636.1 | Ask: $116636.2
ETH-USDT: $4407.32 | Bid: $4407.31 | Ask: $4407.32
SOL-USDT: $187.97 | Bid: $187.96 | Ask: $187.97
BTC-USDT: $116651.9 | Bid: $116651.8 | Ask: $116651.9
ETH-USDT: $4408.39 | Bid: $4408.39 | Ask: $4408.4
SOL-USDT: $188.01 | Bid: $188 | Ask: $188.01
BTC-USDT: $116640 | Bid: $116639.9 | 
ETH-USDT: $4404.81 | Bid: $4404.8 | Ask: $4404.81
SOL-USDT: $188.05 | Bid: $188.08 | Ask: $188.09
BTC-USDT: $116622.8 | Bid: $116622 | Ask: $116624.1
ETH-USDT: $4402.94 | Bid: $4402.93 | Ask: $4402.94
SOL-USDT: $187.92 | Bid: $187.91 | Ask: $187.92
BTC-USDT: $116657.4 | Bid: $116657.4 | Ask: $116657.5
ETH-USDT: $4405.47 | Bid: $4405.46 | Ask: $4405.63
SOL-USDT: $188 | Bid: $187.99 | Ask: $188
BTC-USDT: $116699.4 | Bid: $116699.4 | Ask: $116699.5
ETH-USDT: $4409.61 | Bid: $4409.1 | Ask: $4409.11
SOL-USDT: $188.13 | Bid: $188.1 | Ask: $188.11
BTC-USDT: $116632 | Bid: $116633.9 | Ask: $116634
ETH-USDT: $4407.21 | Bid: $4407.2 | Ask: $4407.21
SOL-USDT: $187.98 | Bid: $187.97 | Ask: $187.98
BTC-USDT: $116651.9 | Bid: $116651.9 | Ask: $116652
ETH-USDT: $4408.39 | Bid: $4408.39 | Ask: $4408.4
SOL-USDT: $188.01 | Bid: $188 | Ask: $188.01
BTC-USDT: $116621.3 | Bid: $116621.2 | Ask: $116621.3
ETH-USDT: $4406.69 | Bid: $4406.33 | Ask: $4406.69
SOL-USDT: $187.93 | Bid: $187.92 | Ask: $187.93
BTC-USDT: $116568.1 | Bid: $116567.5 | Ask: $116568.1
ETH-USDT: $4403.41 | Bid: $4403.17 | Ask: $4403.67
SOL-USDT: $187.89 | Bid: $187.88 | Ask: $187.89
BTC-USDT: $116551 | Bid: $116550.9 | Ask: $116551
ETH-USDT: $4402.21 | Bid: $4401.8 | Ask: $4402.22
SOL-USDT: $187.78 | Bid: $187.79 | Ask: $187.8
BTC-USDT: $116530.4 | Bid: $116530.3 | Ask: $116530.4
ETH-USDT: $4400.02 | Bid: $4400.36 | Ask: $4400.37
SOL-USDT: $187.76 | Bid: $187.79 | Ask: $187.8
BTC-USDT: $116520 | Bid: $116519.9 | Ask: $116520
ETH-USDT: $4402.2 | Bid: $4402.14 | Ask: $4402.15
SOL-USDT: $187.82 | Bid: $187.81 | Ask: $187.83
BTC-USDT: $116519.7 | Bid: $116519.7 | Ask: $116519.8
ETH-USDT: $4400.31 | Bid: $4400.2 | Ask: $4400.21
SOL-USDT: $187.79 | Bid: $187.79 | Ask: $187.8
BTC-USDT: $116548 | Bid: $116547.9 | Ask: $116548
ETH-USDT: $4402.7 | Bid: $4402.4 | Ask: $4402.41
SOL-USDT: $187.9 | Bid: $187.88 | Ask: $187.89
BTC-USDT: $116554.1 | Bid: $116555.9 | Ask: $116556
ETH-USDT: $4401.61 | Bid: $4401.6 | Ask: $4401.8
SOL-USDT: $187.85 | Bid: $187.85 | Ask: $187.86
BTC-USDT: $116548 | Bid: $116547.9 | Ask: $116548
ETH-USDT: $4400.82 | Bid: $4400.81 | Ask: $4400.82
SOL-USDT: $187.72 | Bid: $187.71 | Ask: $187.72
BTC-USDT: $116522.1 | Bid: $116522 | Ask: $116522.1
ETH-USDT: $4398.8 | Bid: $4398.79 | Ask: $4398.8
SOL-USDT: $187.69 | Bid: $187.68 | Ask: $187.71
BTC-USDT: $116533.2 | Bid: $116533.1 | Ask: $116533.2
ETH-USDT: $4399.32 | Bid: $4399.29 | Ask: $4399.33
SOL-USDT: $187.76 | Bid: $187.74 | Ask: $187.77
BTC-USDT: $116520.1 | Bid: $116520 | Ask: $116520.1
ETH-USDT: $4398.7 | Bid: $4398.44 | Ask: $4398.45
SOL-USDT: $187.73 | Bid: $187.72 | Ask: $187.73
BTC-USDT: $116543.9 | Bid: $116543.9 | Ask: $116544
ETH-USDT: $4399.99 | Bid: $4399.98 | Ask: $4399.99
SOL-USDT: $187.76 | Bid: $187.75 | Ask: $187.76
BTC-USDT: $116524 | Bid: $116523.9 | Ask: $116524
ETH-USDT: $4397.8 | Bid: $4397.79 | Ask: $4397.8
SOL-USDT: $187.82 | Bid: $187.81 | Ask: $187.82
BTC-USDT: $116491 | Bid: $116491 | Ask: $116491.1
ETH-USDT: $4395.02 | Bid: $4395.01 | Ask: $4395.02
SOL-USDT: $187.65 | Bid: $187.62 | Ask: $187.63
BTC-USDT: $116500.8 | Bid: $116500.8 | Ask: $116500.9
ETH-USDT: $4395.48 | Bid: $4395.48 | Ask: $4395.49
SOL-USDT: $187.55 | Bid: $187.54 | Ask: $187.55
BTC-USDT: $116568.1 | Bid: $116568 | Ask: $116568.1
ETH-USDT: $4399.78 | Bid: $4399.4 | Ask: $4399.41
SOL-USDT: $187.69 | Bid: $187.69 | Ask: $187.7
BTC-USDT: $116526.6 | Bid: $116526.6 | Ask: $116526.7
ETH-USDT: $4393.63 | Bid: $4394.09 | Ask: $4394.1
SOL-USDT: $187.48 | Bid: $187.49 | Ask: $187.5
BTC-USDT: $116583.9 | Bid: $116583.8 | Ask: $116583.9
ETH-USDT: $4398.9 | Bid: $4398.89 | Ask: $4398.9
SOL-USDT: $187.61 | Bid: $187.63 | Ask: $187.64
BTC-USDT: $116579.9 | Bid: $116574 | Ask: $116574.1
ETH-USDT: $4398.39 | Bid: $4398.18 | Ask: $4398.19
SOL-USDT: $187.63 | Bid: $187.61 | Ask: $187.62
BTC-USDT: $116571.5 | Bid: $116570 | Ask: $116570.1
ETH-USDT: $4399.49 | Bid: $4399.49 | Ask: $4399.5
SOL-USDT: $187.64 | Bid: $187.61 | Ask: $187.62
BTC-USDT: $116544.7 | Bid: $116544.6 | Ask: $116544.7
ETH-USDT: $4400.41 | Bid: $4400.59 | Ask: $4400.6
SOL-USDT: $187.73 | Bid: $187.74 | Ask: $187.75
BTC-USDT: $116628 | Bid: $116628 | Ask: $116628.1
ETH-USDT: $4403.98 | Bid: $4403.81 | Ask: $4403.82
SOL-USDT: $187.75 | Bid: $187.71 | Ask: $187.72
BTC-USDT: $116630 | Bid: $116630 | Ask: $116630.1
ETH-USDT: $4404.41 | Bid: $4404.41 | Ask: $4404.42
SOL-USDT: $187.65 | Bid: $187.64 | Ask: $187.65
BTC-USDT: $116633.4 | Bid: $116633.3 | Ask: $116633.4
ETH-USDT: $4405.66 | Bid: $4405.79 | Ask: $4405.8
SOL-USDT: $187.66 | Bid: $187.65 | Ask: $187.66
BTC-USDT: $116568.1 | Bid: $116568 | Ask: $116568.1
ETH-USDT: $4402.39 | Bid: $4402.39 | Ask: $4402.4
SOL-USDT: $187.57 | Bid: $187.56 | Ask: $187.57
BTC-USDT: $116576 | Bid: $116579.5 | Ask: $116579.6
ETH-USDT: $4403.48 | Bid: $4403.22 | Ask: $4403.49
SOL-USDT: $187.55 | Bid: $187.54 | Ask: $187.55
BTC-USDT: $116574.1 | Bid: $116574 | Ask: $116574.1
ETH-USDT: $4401.44 | Bid: $4401.93 | Ask: $4401.94
SOL-USDT: $187.45 | Bid: $187.44 | Ask: $187.45
BTC-USDT: $116560.1 | Bid: $116560 | Ask: $116560.1
ETH-USDT: $4401.31 | Bid: $4401.3 | Ask: $4401.65
SOL-USDT: $187.39 | Bid: $187.38 | Ask: $187.39
BTC-USDT: $116551.3 | Bid: $116551.2 | Ask: $116551.3
ETH-USDT: $4400.99 | Bid: $4400.98 | Ask: $4400.99
SOL-USDT: $187.4 | Bid: $187.4 | Ask: $187.41
BTC-USDT: $116527.9 | Bid: $116527.8 | Ask: $116527.9
ETH-USDT: $4399.35 | Bid: $4399.35 | Ask: $4399.36
SOL-USDT: $187.28 | Bid: $187.28 | Ask: $187.29
BTC-USDT: $116516 | Bid: $116515.8 | Ask: $116515.9
ETH-USDT: $4398.44 | Bid: $4398.44 | Ask: $4398.45
SOL-USDT: $187.27 | Bid: $187.28 | Ask: $187.29
BTC-USDT: $116483.7 | Bid: $116483.6 | Ask: $116483.7
ETH-USDT: $4397 | Bid: $4396.91 | Ask: $4396.92
SOL-USDT: $187.17 | Bid: $187.17 | Ask: $187.18
BTC-USDT: $116457.4 | Bid: $116457.3 | Ask: $116457.4
ETH-USDT: $4397.3 | Bid: $4397.1 | Ask: $4397.11
SOL-USDT: $187.17 | Bid: $187.17 | Ask: $187.18
BTC-USDT: $116422 | Bid: $116421.9 | Ask: $116422
ETH-USDT: $4397.2 | Bid: $4397.17 | Ask: $4397.25
SOL-USDT: $187.31 | Bid: $187.31 | Ask: $187.32
BTC-USDT: $116532 | Bid: $116531.9 | Ask: $116532
ETH-USDT: $4404.08 | Bid: $4404.28 | Ask: $4404.29
SOL-USDT: $187.62 | Bid: $187.63 | Ask: $187.64
BTC-USDT: $116545.5 | Bid: $116545.5 | Ask: $116545.6
ETH-USDT: $4406 | Bid: $4406.19 | Ask: $4406.3
SOL-USDT: $187.65 | Bid: $187.65 | Ask: $187.66
BTC-USDT: $116463.4 | Bid: $116463.4 | Ask: $116463.5
ETH-USDT: $4404.69 | Bid: $4404.88 | Ask: $4404.89
SOL-USDT: $187.59 | Bid: $187.59 | Ask: $187.6
BTC-USDT: $116438 | Bid: $116437.9 | Ask: $116438
ETH-USDT: $4401.74 | Bid: $4401.73 | Ask: $4401.85
SOL-USDT: $187.53 | Bid: $187.57 | Ask: $187.58
BTC-USDT: $116420 | Bid: $116420 | Ask: $116420.1
ETH-USDT: $4399.56 | Bid: $4399.41 | Ask: $4399.42
SOL-USDT: $187.55 | Bid: $187.54 | Ask: $187.55
BTC-USDT: $116407.2 | Bid: $116407.1 | Ask: $116407.2
ETH-USDT: $4399.57 | Bid: $4399.56 | Ask: $4399.57
SOL-USDT: $187.53 | Bid: $187.53 | Ask: $187.54
BTC-USDT: $116407.2 | Bid: $116407.1 | Ask: $116407.2
ETH-USDT: $4399.9 | Bid: $4399.89 | Ask: $4399.9
SOL-USDT: $187.6 | Bid: $187.59 | Ask: $187.6
BTC-USDT: $116442 | Bid: $116441.9 | Ask: $116442
ETH-USDT: $4400.78 | Bid: $4401.06 | Ask: $4401.07
SOL-USDT: $187.57 | Bid: $187.57 | Ask: $187.58
BTC-USDT: $116467.9 | Bid: $116472.5 | Ask: $116472.6
ETH-USDT: $4402.01 | Bid: $4402.39 | Ask: $4402.4
SOL-USDT: $187.66 | Bid: $187.67 | Ask: $187.68
BTC-USDT: $116441.2 | Bid: $116441.9 | Ask: $116442
ETH-USDT: $4400.31 | Bid: $4400.59 | Ask: $4400.6
SOL-USDT: $187.67 | Bid: $187.69 | Ask: $187.7
BTC-USDT: $116448.1 | Bid: $116448.1 | Ask: $116448.2
ETH-USDT: $4400 | Bid: $4400 | Ask: $4400.01
SOL-USDT: $187.74 | Bid: $187.74 | Ask: $187.75
BTC-USDT: $116445.8 | Bid: $116445.7 | Ask: $116445.8
ETH-USDT: $4399.69 | Bid: $4399.69 | Ask: $4399.7
SOL-USDT: $187.7 | Bid: $187.7 | Ask: $187.71
BTC-USDT: $116407.3 | Bid: $116407.2 | Ask: $116407.3
ETH-USDT: $4396.21 | Bid: $4396 | Ask: $4396.01
SOL-USDT: $187.66 | Bid: $187.63 | Ask: $187.64
BTC-USDT: $116407.2 | Bid: $116407.1 | Ask: $116407.2
ETH-USDT: $4397.78 | Bid: $4397.77 | Ask: $4397.78
SOL-USDT: $187.68 | Bid: $187.68 | Ask: $187.69