Alert: 🚀 Comprehensive Flash Loan Arbitrage System started!
Balance check error: ENS name: 'HjFs1U5F7mbWJiDKs7izTP96MEHytvm1yiSvKLT4mEvz' is invalid.
Alert: Wallet balance: 0.0000 ETH ($0.00)
Flash Loan Arbitrage Bot Configuration:
  Wallet: HjFs1U5F7mbWJiDKs7izTP96MEHytvm1yiSvKLT4mEvz
  Min profit threshold: $100
  Max loan amount: $1,000,000
  Monitoring: Uniswap vs SushiSwap
Alert: Flash Loan Arbitrage Bot started - monitoring DEX price differences
[21:35:26] Scanning for arbitrage opportunities...
Uniswap price error: ('Address has an invalid EIP-55 checksum. After looking up the address from the original source, try again.', '0xA0b86a33E6417c7ef38BC67B2F11D6B3DC0B5f55')
SushiSwap price error: ('Address has an invalid EIP-55 checksum. After looking up the address from the original source, try again.', '0xA0b86a33E6417c7ef38BC67B2F11D6B3DC0B5f55')
Uniswap price error: ('execution reverted', 'no data')
Uniswap price error: ('execution reverted', 'no data')
Uniswap price error: ('Address has an invalid EIP-55 checksum. After looking up the address from the original source, try again.', '0xA0b86a33E6417c7ef38BC67B2F11D6B3DC0B5f55')
SushiSwap price error: ('Address has an invalid EIP-55 checksum. After looking up the address from the original source, try again.', '0xA0b86a33E6417c7ef38BC67B2F11D6B3DC0B5f55')
Uniswap price error: ('Address has an invalid EIP-55 checksum. After looking up the address from the original source, try again.', '0xA0b86a33E6417c7ef38BC67B2F11D6B3DC0B5f55')
SushiSwap price error: ('Address has an invalid EIP-55 checksum. After looking up the address from the original source, try again.', '0xA0b86a33E6417c7ef38BC67B2F11D6B3DC0B5f55')
Uniswap price error: ('Address has an invalid EIP-55 checksum. After looking up the address from the original source, try again.', '0xA0b86a33E6417c7ef38BC67B2F11D6B3DC0B5f55')
SushiSwap price error: ('Address has an invalid EIP-55 checksum. After looking up the address from the original source, try again.', '0xA0b86a33E6417c7ef38BC67B2F11D6B3DC0B5f55')
Uniswap price error: ('execution reverted', 'no data')
Uniswap price error: ('Address has an invalid EIP-55 checksum. After looking up the address from the original source, try again.', '0xA0b86a33E6417c7ef38BC67B2F11D6B3DC0B5f55')
SushiSwap price error: ('Address has an invalid EIP-55 checksum. After looking up the address from the original source, try again.', '0xA0b86a33E6417c7ef38BC67B2F11D6B3DC0B5f55')
Uniswap price error: ('execution reverted', 'no data')
Uniswap price error: ('execution reverted', 'no data')
Uniswap price error: ('Address has an invalid EIP-55 checksum. After looking up the address from the original source, try again.', '0xA0b86a33E6417c7ef38BC67B2F11D6B3DC0B5f55')
SushiSwap price error: ('Address has an invalid EIP-55 checksum. After looking up the address from the original source, try again.', '0xA0b86a33E6417c7ef38BC67B2F11D6B3DC0B5f55')
Uniswap price error: ('execution reverted', 'no data')
No profitable opportunities found
[21:35:40] Scanning for arbitrage opportunities...
Uniswap price error: ('Address has an invalid EIP-55 checksum. After looking up the address from the original source, try again.', '0xA0b86a33E6417c7ef38BC67B2F11D6B3DC0B5f55')
SushiSwap price error: ('Address has an invalid EIP-55 checksum. After looking up the address from the original source, try again.', '0xA0b86a33E6417c7ef38BC67B2F11D6B3DC0B5f55')
Uniswap price error: ('execution reverted', 'no data')
Uniswap price error: ('execution reverted', 'no data')
Uniswap price error: ('Address has an invalid EIP-55 checksum. After looking up the address from the original source, try again.', '0xA0b86a33E6417c7ef38BC67B2F11D6B3DC0B5f55')
SushiSwap price error: ('Address has an invalid EIP-55 checksum. After looking up the address from the original source, try again.', '0xA0b86a33E6417c7ef38BC67B2F11D6B3DC0B5f55')
Uniswap price error: ('Address has an invalid EIP-55 checksum. After looking up the address from the original source, try again.', '0xA0b86a33E6417c7ef38BC67B2F11D6B3DC0B5f55')
SushiSwap price error: ('Address has an invalid EIP-55 checksum. After looking up the address from the original source, try again.', '0xA0b86a33E6417c7ef38BC67B2F11D6B3DC0B5f55')
Uniswap price error: ('Address has an invalid EIP-55 checksum. After looking up the address from the original source, try again.', '0xA0b86a33E6417c7ef38BC67B2F11D6B3DC0B5f55')
SushiSwap price error: ('Address has an invalid EIP-55 checksum. After looking up the address from the original source, try again.', '0xA0b86a33E6417c7ef38BC67B2F11D6B3DC0B5f55')
Uniswap price error: ('execution reverted', 'no data')
Uniswap price error: ('Address has an invalid EIP-55 checksum. After looking up the address from the original source, try again.', '0xA0b86a33E6417c7ef38BC67B2F11D6B3DC0B5f55')
SushiSwap price error: ('Address has an invalid EIP-55 checksum. After looking up the address from the original source, try again.', '0xA0b86a33E6417c7ef38BC67B2F11D6B3DC0B5f55')
Uniswap price error: ('execution reverted', 'no data')
Uniswap price error: ('execution reverted', 'no data')
Uniswap price error: ('Address has an invalid EIP-55 checksum. After looking up the address from the original source, try again.', '0xA0b86a33E6417c7ef38BC67B2F11D6B3DC0B5f55')
SushiSwap price error: ('Address has an invalid EIP-55 checksum. After looking up the address from the original source, try again.', '0xA0b86a33E6417c7ef38BC67B2F11D6B3DC0B5f55')
Uniswap price error: ('execution reverted', 'no data')
No profitable opportunities found
[21:35:52] Scanning for arbitrage opportunities...
Uniswap price error: ('Address has an invalid EIP-55 checksum. After looking up the address from the original source, try again.', '0xA0b86a33E6417c7ef38BC67B2F11D6B3DC0B5f55')
SushiSwap price error: ('Address has an invalid EIP-55 checksum. After looking up the address from the original source, try again.', '0xA0b86a33E6417c7ef38BC67B2F11D6B3DC0B5f55')
Uniswap price error: ('execution reverted', 'no data')
Uniswap price error: ('execution reverted', 'no data')
Uniswap price error: ('Address has an invalid EIP-55 checksum. After looking up the address from the original source, try again.', '0xA0b86a33E6417c7ef38BC67B2F11D6B3DC0B5f55')
SushiSwap price error: ('Address has an invalid EIP-55 checksum. After looking up the address from the original source, try again.', '0xA0b86a33E6417c7ef38BC67B2F11D6B3DC0B5f55')
Uniswap price error: ('Address has an invalid EIP-55 checksum. After looking up the address from the original source, try again.', '0xA0b86a33E6417c7ef38BC67B2F11D6B3DC0B5f55')
SushiSwap price error: ('Address has an invalid EIP-55 checksum. After looking up the address from the original source, try again.', '0xA0b86a33E6417c7ef38BC67B2F11D6B3DC0B5f55')
Uniswap price error: ('Address has an invalid EIP-55 checksum. After looking up the address from the original source, try again.', '0xA0b86a33E6417c7ef38BC67B2F11D6B3DC0B5f55')
SushiSwap price error: ('Address has an invalid EIP-55 checksum. After looking up the address from the original source, try again.', '0xA0b86a33E6417c7ef38BC67B2F11D6B3DC0B5f55')
Uniswap price error: ('execution reverted', 'no data')
Uniswap price error: ('Address has an invalid EIP-55 checksum. After looking up the address from the original source, try again.', '0xA0b86a33E6417c7ef38BC67B2F11D6B3DC0B5f55')
SushiSwap price error: ('Address has an invalid EIP-55 checksum. After looking up the address from the original source, try again.', '0xA0b86a33E6417c7ef38BC67B2F11D6B3DC0B5f55')
Uniswap price error: ('execution reverted', 'no data')
Uniswap price error: ('execution reverted', 'no data')
Uniswap price error: ('Address has an invalid EIP-55 checksum. After looking up the address from the original source, try again.', '0xA0b86a33E6417c7ef38BC67B2F11D6B3DC0B5f55')
SushiSwap price error: ('Address has an invalid EIP-55 checksum. After looking up the address from the original source, try again.', '0xA0b86a33E6417c7ef38BC67B2F11D6B3DC0B5f55')
Uniswap price error: ('execution reverted', 'no data')
No profitable opportunities found
[21:36:04] Scanning for arbitrage opportunities...
Uniswap price error: ('Address has an invalid EIP-55 checksum. After looking up the address from the original source, try again.', '0xA0b86a33E6417c7ef38BC67B2F11D6B3DC0B5f55')
SushiSwap price error: ('Address has an invalid EIP-55 checksum. After looking up the address from the original source, try again.', '0xA0b86a33E6417c7ef38BC67B2F11D6B3DC0B5f55')
Uniswap price error: ('execution reverted', 'no data')
Uniswap price error: ('execution reverted', 'no data')
Uniswap price error: ('Address has an invalid EIP-55 checksum. After looking up the address from the original source, try again.', '0xA0b86a33E6417c7ef38BC67B2F11D6B3DC0B5f55')
SushiSwap price error: ('Address has an invalid EIP-55 checksum. After looking up the address from the original source, try again.', '0xA0b86a33E6417c7ef38BC67B2F11D6B3DC0B5f55')
Uniswap price error: ('Address has an invalid EIP-55 checksum. After looking up the address from the original source, try again.', '0xA0b86a33E6417c7ef38BC67B2F11D6B3DC0B5f55')
SushiSwap price error: ('Address has an invalid EIP-55 checksum. After looking up the address from the original source, try again.', '0xA0b86a33E6417c7ef38BC67B2F11D6B3DC0B5f55')
Uniswap price error: ('Address has an invalid EIP-55 checksum. After looking up the address from the original source, try again.', '0xA0b86a33E6417c7ef38BC67B2F11D6B3DC0B5f55')
SushiSwap price error: ('Address has an invalid EIP-55 checksum. After looking up the address from the original source, try again.', '0xA0b86a33E6417c7ef38BC67B2F11D6B3DC0B5f55')
Uniswap price error: ('execution reverted', 'no data')
Uniswap price error: ('Address has an invalid EIP-55 checksum. After looking up the address from the original source, try again.', '0xA0b86a33E6417c7ef38BC67B2F11D6B3DC0B5f55')
SushiSwap price error: ('Address has an invalid EIP-55 checksum. After looking up the address from the original source, try again.', '0xA0b86a33E6417c7ef38BC67B2F11D6B3DC0B5f55')
Uniswap price error: ('execution reverted', 'no data')
Uniswap price error: ('execution reverted', 'no data')
Uniswap price error: ('Address has an invalid EIP-55 checksum. After looking up the address from the original source, try again.', '0xA0b86a33E6417c7ef38BC67B2F11D6B3DC0B5f55')
SushiSwap price error: ('Address has an invalid EIP-55 checksum. After looking up the address from the original source, try again.', '0xA0b86a33E6417c7ef38BC67B2F11D6B3DC0B5f55')
Uniswap price error: ('execution reverted', 'no data')
No profitable opportunities found
[21:36:17] Scanning for arbitrage opportunities...
Uniswap price error: ('Address has an invalid EIP-55 checksum. After looking up the address from the original source, try again.', '0xA0b86a33E6417c7ef38BC67B2F11D6B3DC0B5f55')
SushiSwap price error: ('Address has an invalid EIP-55 checksum. After looking up the address from the original source, try again.', '0xA0b86a33E6417c7ef38BC67B2F11D6B3DC0B5f55')
Uniswap price error: ('execution reverted', 'no data')
Uniswap price error: ('execution reverted', 'no data')
Uniswap price error: ('Address has an invalid EIP-55 checksum. After looking up the address from the original source, try again.', '0xA0b86a33E6417c7ef38BC67B2F11D6B3DC0B5f55')
SushiSwap price error: ('Address has an invalid EIP-55 checksum. After looking up the address from the original source, try again.', '0xA0b86a33E6417c7ef38BC67B2F11D6B3DC0B5f55')
Uniswap price error: ('Address has an invalid EIP-55 checksum. After looking up the address from the original source, try again.', '0xA0b86a33E6417c7ef38BC67B2F11D6B3DC0B5f55')
SushiSwap price error: ('Address has an invalid EIP-55 checksum. After looking up the address from the original source, try again.', '0xA0b86a33E6417c7ef38BC67B2F11D6B3DC0B5f55')
Uniswap price error: ('Address has an invalid EIP-55 checksum. After looking up the address from the original source, try again.', '0xA0b86a33E6417c7ef38BC67B2F11D6B3DC0B5f55')
SushiSwap price error: ('Address has an invalid EIP-55 checksum. After looking up the address from the original source, try again.', '0xA0b86a33E6417c7ef38BC67B2F11D6B3DC0B5f55')
Uniswap price error: ('execution reverted', 'no data')
Uniswap price error: ('Address has an invalid EIP-55 checksum. After looking up the address from the original source, try again.', '0xA0b86a33E6417c7ef38BC67B2F11D6B3DC0B5f55')
SushiSwap price error: ('Address has an invalid EIP-55 checksum. After looking up the address from the original source, try again.', '0xA0b86a33E6417c7ef38BC67B2F11D6B3DC0B5f55')
Uniswap price error: ('execution reverted', 'no data')
Uniswap price error: ('execution reverted', 'no data')
Uniswap price error: ('Address has an invalid EIP-55 checksum. After looking up the address from the original source, try again.', '0xA0b86a33E6417c7ef38BC67B2F11D6B3DC0B5f55')
SushiSwap price error: ('Address has an invalid EIP-55 checksum. After looking up the address from the original source, try again.', '0xA0b86a33E6417c7ef38BC67B2F11D6B3DC0B5f55')
Uniswap price error: ('execution reverted', 'no data')
No profitable opportunities found
[21:36:29] Scanning for arbitrage opportunities...
Uniswap price error: ('Address has an invalid EIP-55 checksum. After looking up the address from the original source, try again.', '0xA0b86a33E6417c7ef38BC67B2F11D6B3DC0B5f55')
SushiSwap price error: ('Address has an invalid EIP-55 checksum. After looking up the address from the original source, try again.', '0xA0b86a33E6417c7ef38BC67B2F11D6B3DC0B5f55')
Uniswap price error: ('execution reverted', 'no data')
Uniswap price error: ('execution reverted', 'no data')
Uniswap price error: ('Address has an invalid EIP-55 checksum. After looking up the address from the original source, try again.', '0xA0b86a33E6417c7ef38BC67B2F11D6B3DC0B5f55')
SushiSwap price error: ('Address has an invalid EIP-55 checksum. After looking up the address from the original source, try again.', '0xA0b86a33E6417c7ef38BC67B2F11D6B3DC0B5f55')
Uniswap price error: ('Address has an invalid EIP-55 checksum. After looking up the address from the original source, try again.', '0xA0b86a33E6417c7ef38BC67B2F11D6B3DC0B5f55')
SushiSwap price error: ('Address has an invalid EIP-55 checksum. After looking up the address from the original source, try again.', '0xA0b86a33E6417c7ef38BC67B2F11D6B3DC0B5f55')
Uniswap price error: ('Address has an invalid EIP-55 checksum. After looking up the address from the original source, try again.', '0xA0b86a33E6417c7ef38BC67B2F11D6B3DC0B5f55')
SushiSwap price error: ('Address has an invalid EIP-55 checksum. After looking up the address from the original source, try again.', '0xA0b86a33E6417c7ef38BC67B2F11D6B3DC0B5f55')
Uniswap price error: ('execution reverted', 'no data')
Uniswap price error: ('Address has an invalid EIP-55 checksum. After looking up the address from the original source, try again.', '0xA0b86a33E6417c7ef38BC67B2F11D6B3DC0B5f55')
SushiSwap price error: ('Address has an invalid EIP-55 checksum. After looking up the address from the original source, try again.', '0xA0b86a33E6417c7ef38BC67B2F11D6B3DC0B5f55')
Uniswap price error: ('execution reverted', 'no data')
Uniswap price error: ('execution reverted', 'no data')
Uniswap price error: ('Address has an invalid EIP-55 checksum. After looking up the address from the original source, try again.', '0xA0b86a33E6417c7ef38BC67B2F11D6B3DC0B5f55')
SushiSwap price error: ('Address has an invalid EIP-55 checksum. After looking up the address from the original source, try again.', '0xA0b86a33E6417c7ef38BC67B2F11D6B3DC0B5f55')
Uniswap price error: ('execution reverted', 'no data')
No profitable opportunities found
[21:36:41] Scanning for arbitrage opportunities...
Uniswap price error: ('Address has an invalid EIP-55 checksum. After looking up the address from the original source, try again.', '0xA0b86a33E6417c7ef38BC67B2F11D6B3DC0B5f55')
SushiSwap price error: ('Address has an invalid EIP-55 checksum. After looking up the address from the original source, try again.', '0xA0b86a33E6417c7ef38BC67B2F11D6B3DC0B5f55')
Uniswap price error: ('execution reverted', 'no data')
Uniswap price error: ('execution reverted', 'no data')
Uniswap price error: ('Address has an invalid EIP-55 checksum. After looking up the address from the original source, try again.', '0xA0b86a33E6417c7ef38BC67B2F11D6B3DC0B5f55')
SushiSwap price error: ('Address has an invalid EIP-55 checksum. After looking up the address from the original source, try again.', '0xA0b86a33E6417c7ef38BC67B2F11D6B3DC0B5f55')
Uniswap price error: ('Address has an invalid EIP-55 checksum. After looking up the address from the original source, try again.', '0xA0b86a33E6417c7ef38BC67B2F11D6B3DC0B5f55')
SushiSwap price error: ('Address has an invalid EIP-55 checksum. After looking up the address from the original source, try again.', '0xA0b86a33E6417c7ef38BC67B2F11D6B3DC0B5f55')
Uniswap price error: ('Address has an invalid EIP-55 checksum. After looking up the address from the original source, try again.', '0xA0b86a33E6417c7ef38BC67B2F11D6B3DC0B5f55')
SushiSwap price error: ('Address has an invalid EIP-55 checksum. After looking up the address from the original source, try again.', '0xA0b86a33E6417c7ef38BC67B2F11D6B3DC0B5f55')
Uniswap price error: ('execution reverted', 'no data')
Uniswap price error: ('Address has an invalid EIP-55 checksum. After looking up the address from the original source, try again.', '0xA0b86a33E6417c7ef38BC67B2F11D6B3DC0B5f55')
SushiSwap price error: ('Address has an invalid EIP-55 checksum. After looking up the address from the original source, try again.', '0xA0b86a33E6417c7ef38BC67B2F11D6B3DC0B5f55')
Uniswap price error: ('execution reverted', 'no data')
Uniswap price error: ('execution reverted', 'no data')
Uniswap price error: ('Address has an invalid EIP-55 checksum. After looking up the address from the original source, try again.', '0xA0b86a33E6417c7ef38BC67B2F11D6B3DC0B5f55')
SushiSwap price error: ('Address has an invalid EIP-55 checksum. After looking up the address from the original source, try again.', '0xA0b86a33E6417c7ef38BC67B2F11D6B3DC0B5f55')
Uniswap price error: ('execution reverted', 'no data')
No profitable opportunities found
[21:36:53] Scanning for arbitrage opportunities...
Uniswap price error: ('Address has an invalid EIP-55 checksum. After looking up the address from the original source, try again.', '0xA0b86a33E6417c7ef38BC67B2F11D6B3DC0B5f55')
SushiSwap price error: ('Address has an invalid EIP-55 checksum. After looking up the address from the original source, try again.', '0xA0b86a33E6417c7ef38BC67B2F11D6B3DC0B5f55')
Uniswap price error: ('execution reverted', 'no data')
Uniswap price error: ('execution reverted', 'no data')
Uniswap price error: ('Address has an invalid EIP-55 checksum. After looking up the address from the original source, try again.', '0xA0b86a33E6417c7ef38BC67B2F11D6B3DC0B5f55')
SushiSwap price error: ('Address has an invalid EIP-55 checksum. After looking up the address from the original source, try again.', '0xA0b86a33E6417c7ef38BC67B2F11D6B3DC0B5f55')
Uniswap price error: ('Address has an invalid EIP-55 checksum. After looking up the address from the original source, try again.', '0xA0b86a33E6417c7ef38BC67B2F11D6B3DC0B5f55')
SushiSwap price error: ('Address has an invalid EIP-55 checksum. After looking up the address from the original source, try again.', '0xA0b86a33E6417c7ef38BC67B2F11D6B3DC0B5f55')
Uniswap price error: ('Address has an invalid EIP-55 checksum. After looking up the address from the original source, try again.', '0xA0b86a33E6417c7ef38BC67B2F11D6B3DC0B5f55')
SushiSwap price error: ('Address has an invalid EIP-55 checksum. After looking up the address from the original source, try again.', '0xA0b86a33E6417c7ef38BC67B2F11D6B3DC0B5f55')
Uniswap price error: ('execution reverted', 'no data')
Uniswap price error: ('Address has an invalid EIP-55 checksum. After looking up the address from the original source, try again.', '0xA0b86a33E6417c7ef38BC67B2F11D6B3DC0B5f55')
SushiSwap price error: ('Address has an invalid EIP-55 checksum. After looking up the address from the original source, try again.', '0xA0b86a33E6417c7ef38BC67B2F11D6B3DC0B5f55')
Uniswap price error: ('execution reverted', 'no data')
Uniswap price error: ('execution reverted', 'no data')
Uniswap price error: ('Address has an invalid EIP-55 checksum. After looking up the address from the original source, try again.', '0xA0b86a33E6417c7ef38BC67B2F11D6B3DC0B5f55')
SushiSwap price error: ('Address has an invalid EIP-55 checksum. After looking up the address from the original source, try again.', '0xA0b86a33E6417c7ef38BC67B2F11D6B3DC0B5f55')
Uniswap price error: ('execution reverted', 'no data')
No profitable opportunities found
[21:37:05] Scanning for arbitrage opportunities...
Uniswap price error: ('Address has an invalid EIP-55 checksum. After looking up the address from the original source, try again.', '0xA0b86a33E6417c7ef38BC67B2F11D6B3DC0B5f55')
SushiSwap price error: ('Address has an invalid EIP-55 checksum. After looking up the address from the original source, try again.', '0xA0b86a33E6417c7ef38BC67B2F11D6B3DC0B5f55')
Uniswap price error: ('execution reverted', 'no data')
Uniswap price error: ('execution reverted', 'no data')
Uniswap price error: ('Address has an invalid EIP-55 checksum. After looking up the address from the original source, try again.', '0xA0b86a33E6417c7ef38BC67B2F11D6B3DC0B5f55')
SushiSwap price error: ('Address has an invalid EIP-55 checksum. After looking up the address from the original source, try again.', '0xA0b86a33E6417c7ef38BC67B2F11D6B3DC0B5f55')
Uniswap price error: ('Address has an invalid EIP-55 checksum. After looking up the address from the original source, try again.', '0xA0b86a33E6417c7ef38BC67B2F11D6B3DC0B5f55')
SushiSwap price error: ('Address has an invalid EIP-55 checksum. After looking up the address from the original source, try again.', '0xA0b86a33E6417c7ef38BC67B2F11D6B3DC0B5f55')
Uniswap price error: ('Address has an invalid EIP-55 checksum. After looking up the address from the original source, try again.', '0xA0b86a33E6417c7ef38BC67B2F11D6B3DC0B5f55')
SushiSwap price error: ('Address has an invalid EIP-55 checksum. After looking up the address from the original source, try again.', '0xA0b86a33E6417c7ef38BC67B2F11D6B3DC0B5f55')
Uniswap price error: ('execution reverted', 'no data')
Uniswap price error: ('Address has an invalid EIP-55 checksum. After looking up the address from the original source, try again.', '0xA0b86a33E6417c7ef38BC67B2F11D6B3DC0B5f55')
SushiSwap price error: ('Address has an invalid EIP-55 checksum. After looking up the address from the original source, try again.', '0xA0b86a33E6417c7ef38BC67B2F11D6B3DC0B5f55')
Uniswap price error: ('execution reverted', 'no data')
Uniswap price error: ('execution reverted', 'no data')
Uniswap price error: ('Address has an invalid EIP-55 checksum. After looking up the address from the original source, try again.', '0xA0b86a33E6417c7ef38BC67B2F11D6B3DC0B5f55')
SushiSwap price error: ('Address has an invalid EIP-55 checksum. After looking up the address from the original source, try again.', '0xA0b86a33E6417c7ef38BC67B2F11D6B3DC0B5f55')
Uniswap price error: ('execution reverted', 'no data')
No profitable opportunities found
[21:37:17] Scanning for arbitrage opportunities...
Uniswap price error: ('Address has an invalid EIP-55 checksum. After looking up the address from the original source, try again.', '0xA0b86a33E6417c7ef38BC67B2F11D6B3DC0B5f55')
SushiSwap price error: ('Address has an invalid EIP-55 checksum. After looking up the address from the original source, try again.', '0xA0b86a33E6417c7ef38BC67B2F11D6B3DC0B5f55')
Uniswap price error: ('execution reverted', 'no data')
Uniswap price error: ('execution reverted', 'no data')
Uniswap price error: ('Address has an invalid EIP-55 checksum. After looking up the address from the original source, try again.', '0xA0b86a33E6417c7ef38BC67B2F11D6B3DC0B5f55')
SushiSwap price error: ('Address has an invalid EIP-55 checksum. After looking up the address from the original source, try again.', '0xA0b86a33E6417c7ef38BC67B2F11D6B3DC0B5f55')
Uniswap price error: ('Address has an invalid EIP-55 checksum. After looking up the address from the original source, try again.', '0xA0b86a33E6417c7ef38BC67B2F11D6B3DC0B5f55')
SushiSwap price error: ('Address has an invalid EIP-55 checksum. After looking up the address from the original source, try again.', '0xA0b86a33E6417c7ef38BC67B2F11D6B3DC0B5f55')
Uniswap price error: ('Address has an invalid EIP-55 checksum. After looking up the address from the original source, try again.', '0xA0b86a33E6417c7ef38BC67B2F11D6B3DC0B5f55')
SushiSwap price error: ('Address has an invalid EIP-55 checksum. After looking up the address from the original source, try again.', '0xA0b86a33E6417c7ef38BC67B2F11D6B3DC0B5f55')
Uniswap price error: ('execution reverted', 'no data')
Uniswap price error: ('Address has an invalid EIP-55 checksum. After looking up the address from the original source, try again.', '0xA0b86a33E6417c7ef38BC67B2F11D6B3DC0B5f55')
SushiSwap price error: ('Address has an invalid EIP-55 checksum. After looking up the address from the original source, try again.', '0xA0b86a33E6417c7ef38BC67B2F11D6B3DC0B5f55')
Uniswap price error: ('execution reverted', 'no data')
Uniswap price error: ('execution reverted', 'no data')
Uniswap price error: ('Address has an invalid EIP-55 checksum. After looking up the address from the original source, try again.', '0xA0b86a33E6417c7ef38BC67B2F11D6B3DC0B5f55')
SushiSwap price error: ('Address has an invalid EIP-55 checksum. After looking up the address from the original source, try again.', '0xA0b86a33E6417c7ef38BC67B2F11D6B3DC0B5f55')
Uniswap price error: ('execution reverted', 'no data')
No profitable opportunities found
[21:37:29] Scanning for arbitrage opportunities...
Uniswap price error: ('Address has an invalid EIP-55 checksum. After looking up the address from the original source, try again.', '0xA0b86a33E6417c7ef38BC67B2F11D6B3DC0B5f55')
SushiSwap price error: ('Address has an invalid EIP-55 checksum. After looking up the address from the original source, try again.', '0xA0b86a33E6417c7ef38BC67B2F11D6B3DC0B5f55')
Uniswap price error: ('execution reverted', 'no data')
Uniswap price error: ('execution reverted', 'no data')
Uniswap price error: ('Address has an invalid EIP-55 checksum. After looking up the address from the original source, try again.', '0xA0b86a33E6417c7ef38BC67B2F11D6B3DC0B5f55')
SushiSwap price error: ('Address has an invalid EIP-55 checksum. After looking up the address from the original source, try again.', '0xA0b86a33E6417c7ef38BC67B2F11D6B3DC0B5f55')
Uniswap price error: ('Address has an invalid EIP-55 checksum. After looking up the address from the original source, try again.', '0xA0b86a33E6417c7ef38BC67B2F11D6B3DC0B5f55')
SushiSwap price error: ('Address has an invalid EIP-55 checksum. After looking up the address from the original source, try again.', '0xA0b86a33E6417c7ef38BC67B2F11D6B3DC0B5f55')
Uniswap price error: ('Address has an invalid EIP-55 checksum. After looking up the address from the original source, try again.', '0xA0b86a33E6417c7ef38BC67B2F11D6B3DC0B5f55')
SushiSwap price error: ('Address has an invalid EIP-55 checksum. After looking up the address from the original source, try again.', '0xA0b86a33E6417c7ef38BC67B2F11D6B3DC0B5f55')
Uniswap price error: ('execution reverted', 'no data')
Uniswap price error: ('Address has an invalid EIP-55 checksum. After looking up the address from the original source, try again.', '0xA0b86a33E6417c7ef38BC67B2F11D6B3DC0B5f55')
SushiSwap price error: ('Address has an invalid EIP-55 checksum. After looking up the address from the original source, try again.', '0xA0b86a33E6417c7ef38BC67B2F11D6B3DC0B5f55')
Uniswap price error: ('execution reverted', 'no data')
Uniswap price error: ('execution reverted', 'no data')
Uniswap price error: ('Address has an invalid EIP-55 checksum. After looking up the address from the original source, try again.', '0xA0b86a33E6417c7ef38BC67B2F11D6B3DC0B5f55')
SushiSwap price error: ('Address has an invalid EIP-55 checksum. After looking up the address from the original source, try again.', '0xA0b86a33E6417c7ef38BC67B2F11D6B3DC0B5f55')
Uniswap price error: ('execution reverted', 'no data')
No profitable opportunities found
[21:37:41] Scanning for arbitrage opportunities...
Uniswap price error: ('Address has an invalid EIP-55 checksum. After looking up the address from the original source, try again.', '0xA0b86a33E6417c7ef38BC67B2F11D6B3DC0B5f55')
SushiSwap price error: ('Address has an invalid EIP-55 checksum. After looking up the address from the original source, try again.', '0xA0b86a33E6417c7ef38BC67B2F11D6B3DC0B5f55')
Uniswap price error: ('execution reverted', 'no data')
Uniswap price error: ('execution reverted', 'no data')
Uniswap price error: ('Address has an invalid EIP-55 checksum. After looking up the address from the original source, try again.', '0xA0b86a33E6417c7ef38BC67B2F11D6B3DC0B5f55')
SushiSwap price error: ('Address has an invalid EIP-55 checksum. After looking up the address from the original source, try again.', '0xA0b86a33E6417c7ef38BC67B2F11D6B3DC0B5f55')
Uniswap price error: ('Address has an invalid EIP-55 checksum. After looking up the address from the original source, try again.', '0xA0b86a33E6417c7ef38BC67B2F11D6B3DC0B5f55')
SushiSwap price error: ('Address has an invalid EIP-55 checksum. After looking up the address from the original source, try again.', '0xA0b86a33E6417c7ef38BC67B2F11D6B3DC0B5f55')
Uniswap price error: ('Address has an invalid EIP-55 checksum. After looking up the address from the original source, try again.', '0xA0b86a33E6417c7ef38BC67B2F11D6B3DC0B5f55')
SushiSwap price error: ('Address has an invalid EIP-55 checksum. After looking up the address from the original source, try again.', '0xA0b86a33E6417c7ef38BC67B2F11D6B3DC0B5f55')
Uniswap price error: ('execution reverted', 'no data')
Uniswap price error: ('Address has an invalid EIP-55 checksum. After looking up the address from the original source, try again.', '0xA0b86a33E6417c7ef38BC67B2F11D6B3DC0B5f55')
SushiSwap price error: ('Address has an invalid EIP-55 checksum. After looking up the address from the original source, try again.', '0xA0b86a33E6417c7ef38BC67B2F11D6B3DC0B5f55')
Uniswap price error: ('execution reverted', 'no data')
Uniswap price error: ('execution reverted', 'no data')
Uniswap price error: ('Address has an invalid EIP-55 checksum. After looking up the address from the original source, try again.', '0xA0b86a33E6417c7ef38BC67B2F11D6B3DC0B5f55')
SushiSwap price error: ('Address has an invalid EIP-55 checksum. After looking up the address from the original source, try again.', '0xA0b86a33E6417c7ef38BC67B2F11D6B3DC0B5f55')
Uniswap price error: ('execution reverted', 'no data')
No profitable opportunities found
[21:37:53] Scanning for arbitrage opportunities...
Uniswap price error: ('Address has an invalid EIP-55 checksum. After looking up the address from the original source, try again.', '0xA0b86a33E6417c7ef38BC67B2F11D6B3DC0B5f55')
SushiSwap price error: ('Address has an invalid EIP-55 checksum. After looking up the address from the original source, try again.', '0xA0b86a33E6417c7ef38BC67B2F11D6B3DC0B5f55')
Uniswap price error: ('execution reverted', 'no data')
Uniswap price error: ('execution reverted', 'no data')
Uniswap price error: ('Address has an invalid EIP-55 checksum. After looking up the address from the original source, try again.', '0xA0b86a33E6417c7ef38BC67B2F11D6B3DC0B5f55')
SushiSwap price error: ('Address has an invalid EIP-55 checksum. After looking up the address from the original source, try again.', '0xA0b86a33E6417c7ef38BC67B2F11D6B3DC0B5f55')
Uniswap price error: ('Address has an invalid EIP-55 checksum. After looking up the address from the original source, try again.', '0xA0b86a33E6417c7ef38BC67B2F11D6B3DC0B5f55')
SushiSwap price error: ('Address has an invalid EIP-55 checksum. After looking up the address from the original source, try again.', '0xA0b86a33E6417c7ef38BC67B2F11D6B3DC0B5f55')
Uniswap price error: ('Address has an invalid EIP-55 checksum. After looking up the address from the original source, try again.', '0xA0b86a33E6417c7ef38BC67B2F11D6B3DC0B5f55')
SushiSwap price error: ('Address has an invalid EIP-55 checksum. After looking up the address from the original source, try again.', '0xA0b86a33E6417c7ef38BC67B2F11D6B3DC0B5f55')
Uniswap price error: ('execution reverted', 'no data')
Uniswap price error: ('Address has an invalid EIP-55 checksum. After looking up the address from the original source, try again.', '0xA0b86a33E6417c7ef38BC67B2F11D6B3DC0B5f55')
SushiSwap price error: ('Address has an invalid EIP-55 checksum. After looking up the address from the original source, try again.', '0xA0b86a33E6417c7ef38BC67B2F11D6B3DC0B5f55')
Uniswap price error: ('execution reverted', 'no data')
Uniswap price error: ('execution reverted', 'no data')
Uniswap price error: ('Address has an invalid EIP-55 checksum. After looking up the address from the original source, try again.', '0xA0b86a33E6417c7ef38BC67B2F11D6B3DC0B5f55')
SushiSwap price error: ('Address has an invalid EIP-55 checksum. After looking up the address from the original source, try again.', '0xA0b86a33E6417c7ef38BC67B2F11D6B3DC0B5f55')
Uniswap price error: ('execution reverted', 'no data')
No profitable opportunities found
[21:38:05] Scanning for arbitrage opportunities...
Uniswap price error: ('Address has an invalid EIP-55 checksum. After looking up the address from the original source, try again.', '0xA0b86a33E6417c7ef38BC67B2F11D6B3DC0B5f55')
SushiSwap price error: ('Address has an invalid EIP-55 checksum. After looking up the address from the original source, try again.', '0xA0b86a33E6417c7ef38BC67B2F11D6B3DC0B5f55')
Uniswap price error: ('execution reverted', 'no data')
Uniswap price error: ('execution reverted', 'no data')
Uniswap price error: ('Address has an invalid EIP-55 checksum. After looking up the address from the original source, try again.', '0xA0b86a33E6417c7ef38BC67B2F11D6B3DC0B5f55')
SushiSwap price error: ('Address has an invalid EIP-55 checksum. After looking up the address from the original source, try again.', '0xA0b86a33E6417c7ef38BC67B2F11D6B3DC0B5f55')
Uniswap price error: ('Address has an invalid EIP-55 checksum. After looking up the address from the original source, try again.', '0xA0b86a33E6417c7ef38BC67B2F11D6B3DC0B5f55')
SushiSwap price error: ('Address has an invalid EIP-55 checksum. After looking up the address from the original source, try again.', '0xA0b86a33E6417c7ef38BC67B2F11D6B3DC0B5f55')
Uniswap price error: ('Address has an invalid EIP-55 checksum. After looking up the address from the original source, try again.', '0xA0b86a33E6417c7ef38BC67B2F11D6B3DC0B5f55')
SushiSwap price error: ('Address has an invalid EIP-55 checksum. After looking up the address from the original source, try again.', '0xA0b86a33E6417c7ef38BC67B2F11D6B3DC0B5f55')
Uniswap price error: ('execution reverted', 'no data')
Uniswap price error: ('Address has an invalid EIP-55 checksum. After looking up the address from the original source, try again.', '0xA0b86a33E6417c7ef38BC67B2F11D6B3DC0B5f55')
SushiSwap price error: ('Address has an invalid EIP-55 checksum. After looking up the address from the original source, try again.', '0xA0b86a33E6417c7ef38BC67B2F11D6B3DC0B5f55')
Uniswap price error: ('execution reverted', 'no data')
Uniswap price error: ('execution reverted', 'no data')
Uniswap price error: ('Address has an invalid EIP-55 checksum. After looking up the address from the original source, try again.', '0xA0b86a33E6417c7ef38BC67B2F11D6B3DC0B5f55')
SushiSwap price error: ('Address has an invalid EIP-55 checksum. After looking up the address from the original source, try again.', '0xA0b86a33E6417c7ef38BC67B2F11D6B3DC0B5f55')
Uniswap price error: ('execution reverted', 'no data')
No profitable opportunities found
[21:38:18] Scanning for arbitrage opportunities...
Uniswap price error: ('Address has an invalid EIP-55 checksum. After looking up the address from the original source, try again.', '0xA0b86a33E6417c7ef38BC67B2F11D6B3DC0B5f55')
SushiSwap price error: ('Address has an invalid EIP-55 checksum. After looking up the address from the original source, try again.', '0xA0b86a33E6417c7ef38BC67B2F11D6B3DC0B5f55')
Uniswap price error: ('execution reverted', 'no data')
Uniswap price error: ('execution reverted', 'no data')
Uniswap price error: ('Address has an invalid EIP-55 checksum. After looking up the address from the original source, try again.', '0xA0b86a33E6417c7ef38BC67B2F11D6B3DC0B5f55')
SushiSwap price error: ('Address has an invalid EIP-55 checksum. After looking up the address from the original source, try again.', '0xA0b86a33E6417c7ef38BC67B2F11D6B3DC0B5f55')
Uniswap price error: ('Address has an invalid EIP-55 checksum. After looking up the address from the original source, try again.', '0xA0b86a33E6417c7ef38BC67B2F11D6B3DC0B5f55')
SushiSwap price error: ('Address has an invalid EIP-55 checksum. After looking up the address from the original source, try again.', '0xA0b86a33E6417c7ef38BC67B2F11D6B3DC0B5f55')
Uniswap price error: ('Address has an invalid EIP-55 checksum. After looking up the address from the original source, try again.', '0xA0b86a33E6417c7ef38BC67B2F11D6B3DC0B5f55')
SushiSwap price error: ('Address has an invalid EIP-55 checksum. After looking up the address from the original source, try again.', '0xA0b86a33E6417c7ef38BC67B2F11D6B3DC0B5f55')
Uniswap price error: ('execution reverted', 'no data')
Uniswap price error: ('Address has an invalid EIP-55 checksum. After looking up the address from the original source, try again.', '0xA0b86a33E6417c7ef38BC67B2F11D6B3DC0B5f55')
SushiSwap price error: ('Address has an invalid EIP-55 checksum. After looking up the address from the original source, try again.', '0xA0b86a33E6417c7ef38BC67B2F11D6B3DC0B5f55')
Uniswap price error: ('execution reverted', 'no data')
Uniswap price error: ('execution reverted', 'no data')
Uniswap price error: ('Address has an invalid EIP-55 checksum. After looking up the address from the original source, try again.', '0xA0b86a33E6417c7ef38BC67B2F11D6B3DC0B5f55')
SushiSwap price error: ('Address has an invalid EIP-55 checksum. After looking up the address from the original source, try again.', '0xA0b86a33E6417c7ef38BC67B2F11D6B3DC0B5f55')
Uniswap price error: ('execution reverted', 'no data')
No profitable opportunities found
[21:38:30] Scanning for arbitrage opportunities...
Uniswap price error: ('Address has an invalid EIP-55 checksum. After looking up the address from the original source, try again.', '0xA0b86a33E6417c7ef38BC67B2F11D6B3DC0B5f55')
SushiSwap price error: ('Address has an invalid EIP-55 checksum. After looking up the address from the original source, try again.', '0xA0b86a33E6417c7ef38BC67B2F11D6B3DC0B5f55')
Uniswap price error: ('execution reverted', 'no data')
Uniswap price error: ('execution reverted', 'no data')
Uniswap price error: ('Address has an invalid EIP-55 checksum. After looking up the address from the original source, try again.', '0xA0b86a33E6417c7ef38BC67B2F11D6B3DC0B5f55')
SushiSwap price error: ('Address has an invalid EIP-55 checksum. After looking up the address from the original source, try again.', '0xA0b86a33E6417c7ef38BC67B2F11D6B3DC0B5f55')
Uniswap price error: ('Address has an invalid EIP-55 checksum. After looking up the address from the original source, try again.', '0xA0b86a33E6417c7ef38BC67B2F11D6B3DC0B5f55')
SushiSwap price error: ('Address has an invalid EIP-55 checksum. After looking up the address from the original source, try again.', '0xA0b86a33E6417c7ef38BC67B2F11D6B3DC0B5f55')
Uniswap price error: ('Address has an invalid EIP-55 checksum. After looking up the address from the original source, try again.', '0xA0b86a33E6417c7ef38BC67B2F11D6B3DC0B5f55')
SushiSwap price error: ('Address has an invalid EIP-55 checksum. After looking up the address from the original source, try again.', '0xA0b86a33E6417c7ef38BC67B2F11D6B3DC0B5f55')
Uniswap price error: ('execution reverted', 'no data')
Uniswap price error: ('Address has an invalid EIP-55 checksum. After looking up the address from the original source, try again.', '0xA0b86a33E6417c7ef38BC67B2F11D6B3DC0B5f55')
SushiSwap price error: ('Address has an invalid EIP-55 checksum. After looking up the address from the original source, try again.', '0xA0b86a33E6417c7ef38BC67B2F11D6B3DC0B5f55')
Uniswap price error: ('execution reverted', 'no data')
Uniswap price error: ('execution reverted', 'no data')
Uniswap price error: ('Address has an invalid EIP-55 checksum. After looking up the address from the original source, try again.', '0xA0b86a33E6417c7ef38BC67B2F11D6B3DC0B5f55')
SushiSwap price error: ('Address has an invalid EIP-55 checksum. After looking up the address from the original source, try again.', '0xA0b86a33E6417c7ef38BC67B2F11D6B3DC0B5f55')
Uniswap price error: ('execution reverted', 'no data')
No profitable opportunities found
[21:38:42] Scanning for arbitrage opportunities...
Uniswap price error: ('Address has an invalid EIP-55 checksum. After looking up the address from the original source, try again.', '0xA0b86a33E6417c7ef38BC67B2F11D6B3DC0B5f55')
SushiSwap price error: ('Address has an invalid EIP-55 checksum. After looking up the address from the original source, try again.', '0xA0b86a33E6417c7ef38BC67B2F11D6B3DC0B5f55')
Uniswap price error: ('execution reverted', 'no data')
Uniswap price error: ('execution reverted', 'no data')
Uniswap price error: ('Address has an invalid EIP-55 checksum. After looking up the address from the original source, try again.', '0xA0b86a33E6417c7ef38BC67B2F11D6B3DC0B5f55')
SushiSwap price error: ('Address has an invalid EIP-55 checksum. After looking up the address from the original source, try again.', '0xA0b86a33E6417c7ef38BC67B2F11D6B3DC0B5f55')
Uniswap price error: ('Address has an invalid EIP-55 checksum. After looking up the address from the original source, try again.', '0xA0b86a33E6417c7ef38BC67B2F11D6B3DC0B5f55')
SushiSwap price error: ('Address has an invalid EIP-55 checksum. After looking up the address from the original source, try again.', '0xA0b86a33E6417c7ef38BC67B2F11D6B3DC0B5f55')
Uniswap price error: ('Address has an invalid EIP-55 checksum. After looking up the address from the original source, try again.', '0xA0b86a33E6417c7ef38BC67B2F11D6B3DC0B5f55')
SushiSwap price error: ('Address has an invalid EIP-55 checksum. After looking up the address from the original source, try again.', '0xA0b86a33E6417c7ef38BC67B2F11D6B3DC0B5f55')
Uniswap price error: ('execution reverted', 'no data')
Uniswap price error: ('Address has an invalid EIP-55 checksum. After looking up the address from the original source, try again.', '0xA0b86a33E6417c7ef38BC67B2F11D6B3DC0B5f55')
SushiSwap price error: ('Address has an invalid EIP-55 checksum. After looking up the address from the original source, try again.', '0xA0b86a33E6417c7ef38BC67B2F11D6B3DC0B5f55')
Uniswap price error: ('execution reverted', 'no data')
Uniswap price error: ('execution reverted', 'no data')
Uniswap price error: ('Address has an invalid EIP-55 checksum. After looking up the address from the original source, try again.', '0xA0b86a33E6417c7ef38BC67B2F11D6B3DC0B5f55')
SushiSwap price error: ('Address has an invalid EIP-55 checksum. After looking up the address from the original source, try again.', '0xA0b86a33E6417c7ef38BC67B2F11D6B3DC0B5f55')
Uniswap price error: ('execution reverted', 'no data')
No profitable opportunities found
[21:38:54] Scanning for arbitrage opportunities...
Uniswap price error: ('Address has an invalid EIP-55 checksum. After looking up the address from the original source, try again.', '0xA0b86a33E6417c7ef38BC67B2F11D6B3DC0B5f55')
SushiSwap price error: ('Address has an invalid EIP-55 checksum. After looking up the address from the original source, try again.', '0xA0b86a33E6417c7ef38BC67B2F11D6B3DC0B5f55')
Uniswap price error: ('execution reverted', 'no data')
Uniswap price error: ('execution reverted', 'no data')
Uniswap price error: ('Address has an invalid EIP-55 checksum. After looking up the address from the original source, try again.', '0xA0b86a33E6417c7ef38BC67B2F11D6B3DC0B5f55')
SushiSwap price error: ('Address has an invalid EIP-55 checksum. After looking up the address from the original source, try again.', '0xA0b86a33E6417c7ef38BC67B2F11D6B3DC0B5f55')
Uniswap price error: ('Address has an invalid EIP-55 checksum. After looking up the address from the original source, try again.', '0xA0b86a33E6417c7ef38BC67B2F11D6B3DC0B5f55')
SushiSwap price error: ('Address has an invalid EIP-55 checksum. After looking up the address from the original source, try again.', '0xA0b86a33E6417c7ef38BC67B2F11D6B3DC0B5f55')
Uniswap price error: ('Address has an invalid EIP-55 checksum. After looking up the address from the original source, try again.', '0xA0b86a33E6417c7ef38BC67B2F11D6B3DC0B5f55')
SushiSwap price error: ('Address has an invalid EIP-55 checksum. After looking up the address from the original source, try again.', '0xA0b86a33E6417c7ef38BC67B2F11D6B3DC0B5f55')
Uniswap price error: ('execution reverted', 'no data')
Uniswap price error: ('Address has an invalid EIP-55 checksum. After looking up the address from the original source, try again.', '0xA0b86a33E6417c7ef38BC67B2F11D6B3DC0B5f55')
SushiSwap price error: ('Address has an invalid EIP-55 checksum. After looking up the address from the original source, try again.', '0xA0b86a33E6417c7ef38BC67B2F11D6B3DC0B5f55')
Uniswap price error: ('execution reverted', 'no data')
Uniswap price error: ('execution reverted', 'no data')
Uniswap price error: ('Address has an invalid EIP-55 checksum. After looking up the address from the original source, try again.', '0xA0b86a33E6417c7ef38BC67B2F11D6B3DC0B5f55')
SushiSwap price error: ('Address has an invalid EIP-55 checksum. After looking up the address from the original source, try again.', '0xA0b86a33E6417c7ef38BC67B2F11D6B3DC0B5f55')
Uniswap price error: ('execution reverted', 'no data')
No profitable opportunities found
[21:39:06] Scanning for arbitrage opportunities...
Uniswap price error: ('Address has an invalid EIP-55 checksum. After looking up the address from the original source, try again.', '0xA0b86a33E6417c7ef38BC67B2F11D6B3DC0B5f55')
SushiSwap price error: ('Address has an invalid EIP-55 checksum. After looking up the address from the original source, try again.', '0xA0b86a33E6417c7ef38BC67B2F11D6B3DC0B5f55')
Uniswap price error: ('execution reverted', 'no data')
Uniswap price error: ('execution reverted', 'no data')
Uniswap price error: ('Address has an invalid EIP-55 checksum. After looking up the address from the original source, try again.', '0xA0b86a33E6417c7ef38BC67B2F11D6B3DC0B5f55')
SushiSwap price error: ('Address has an invalid EIP-55 checksum. After looking up the address from the original source, try again.', '0xA0b86a33E6417c7ef38BC67B2F11D6B3DC0B5f55')
Uniswap price error: ('Address has an invalid EIP-55 checksum. After looking up the address from the original source, try again.', '0xA0b86a33E6417c7ef38BC67B2F11D6B3DC0B5f55')
SushiSwap price error: ('Address has an invalid EIP-55 checksum. After looking up the address from the original source, try again.', '0xA0b86a33E6417c7ef38BC67B2F11D6B3DC0B5f55')
Uniswap price error: ('Address has an invalid EIP-55 checksum. After looking up the address from the original source, try again.', '0xA0b86a33E6417c7ef38BC67B2F11D6B3DC0B5f55')
SushiSwap price error: ('Address has an invalid EIP-55 checksum. After looking up the address from the original source, try again.', '0xA0b86a33E6417c7ef38BC67B2F11D6B3DC0B5f55')
Uniswap price error: ('execution reverted', 'no data')
Uniswap price error: ('Address has an invalid EIP-55 checksum. After looking up the address from the original source, try again.', '0xA0b86a33E6417c7ef38BC67B2F11D6B3DC0B5f55')
SushiSwap price error: ('Address has an invalid EIP-55 checksum. After looking up the address from the original source, try again.', '0xA0b86a33E6417c7ef38BC67B2F11D6B3DC0B5f55')
Uniswap price error: ('execution reverted', 'no data')
Uniswap price error: ('execution reverted', 'no data')
Uniswap price error: ('Address has an invalid EIP-55 checksum. After looking up the address from the original source, try again.', '0xA0b86a33E6417c7ef38BC67B2F11D6B3DC0B5f55')
SushiSwap price error: ('Address has an invalid EIP-55 checksum. After looking up the address from the original source, try again.', '0xA0b86a33E6417c7ef38BC67B2F11D6B3DC0B5f55')
Uniswap price error: ('execution reverted', 'no data')
No profitable opportunities found
[21:39:18] Scanning for arbitrage opportunities...
Uniswap price error: ('Address has an invalid EIP-55 checksum. After looking up the address from the original source, try again.', '0xA0b86a33E6417c7ef38BC67B2F11D6B3DC0B5f55')
SushiSwap price error: ('Address has an invalid EIP-55 checksum. After looking up the address from the original source, try again.', '0xA0b86a33E6417c7ef38BC67B2F11D6B3DC0B5f55')
Uniswap price error: ('execution reverted', 'no data')
Uniswap price error: ('execution reverted', 'no data')
Uniswap price error: ('Address has an invalid EIP-55 checksum. After looking up the address from the original source, try again.', '0xA0b86a33E6417c7ef38BC67B2F11D6B3DC0B5f55')
SushiSwap price error: ('Address has an invalid EIP-55 checksum. After looking up the address from the original source, try again.', '0xA0b86a33E6417c7ef38BC67B2F11D6B3DC0B5f55')
Uniswap price error: ('Address has an invalid EIP-55 checksum. After looking up the address from the original source, try again.', '0xA0b86a33E6417c7ef38BC67B2F11D6B3DC0B5f55')
SushiSwap price error: ('Address has an invalid EIP-55 checksum. After looking up the address from the original source, try again.', '0xA0b86a33E6417c7ef38BC67B2F11D6B3DC0B5f55')
Uniswap price error: ('Address has an invalid EIP-55 checksum. After looking up the address from the original source, try again.', '0xA0b86a33E6417c7ef38BC67B2F11D6B3DC0B5f55')
SushiSwap price error: ('Address has an invalid EIP-55 checksum. After looking up the address from the original source, try again.', '0xA0b86a33E6417c7ef38BC67B2F11D6B3DC0B5f55')
Uniswap price error: ('execution reverted', 'no data')
Uniswap price error: ('Address has an invalid EIP-55 checksum. After looking up the address from the original source, try again.', '0xA0b86a33E6417c7ef38BC67B2F11D6B3DC0B5f55')
SushiSwap price error: ('Address has an invalid EIP-55 checksum. After looking up the address from the original source, try again.', '0xA0b86a33E6417c7ef38BC67B2F11D6B3DC0B5f55')
Uniswap price error: ('execution reverted', 'no data')
Uniswap price error: ('execution reverted', 'no data')
Uniswap price error: ('Address has an invalid EIP-55 checksum. After looking up the address from the original source, try again.', '0xA0b86a33E6417c7ef38BC67B2F11D6B3DC0B5f55')
SushiSwap price error: ('Address has an invalid EIP-55 checksum. After looking up the address from the original source, try again.', '0xA0b86a33E6417c7ef38BC67B2F11D6B3DC0B5f55')
Uniswap price error: ('execution reverted', 'no data')
No profitable opportunities found
[21:39:30] Scanning for arbitrage opportunities...
Uniswap price error: ('Address has an invalid EIP-55 checksum. After looking up the address from the original source, try again.', '0xA0b86a33E6417c7ef38BC67B2F11D6B3DC0B5f55')
SushiSwap price error: ('Address has an invalid EIP-55 checksum. After looking up the address from the original source, try again.', '0xA0b86a33E6417c7ef38BC67B2F11D6B3DC0B5f55')
Uniswap price error: ('execution reverted', 'no data')
Uniswap price error: ('execution reverted', 'no data')
Uniswap price error: ('Address has an invalid EIP-55 checksum. After looking up the address from the original source, try again.', '0xA0b86a33E6417c7ef38BC67B2F11D6B3DC0B5f55')
SushiSwap price error: ('Address has an invalid EIP-55 checksum. After looking up the address from the original source, try again.', '0xA0b86a33E6417c7ef38BC67B2F11D6B3DC0B5f55')
Uniswap price error: ('Address has an invalid EIP-55 checksum. After looking up the address from the original source, try again.', '0xA0b86a33E6417c7ef38BC67B2F11D6B3DC0B5f55')
SushiSwap price error: ('Address has an invalid EIP-55 checksum. After looking up the address from the original source, try again.', '0xA0b86a33E6417c7ef38BC67B2F11D6B3DC0B5f55')
Uniswap price error: ('Address has an invalid EIP-55 checksum. After looking up the address from the original source, try again.', '0xA0b86a33E6417c7ef38BC67B2F11D6B3DC0B5f55')
SushiSwap price error: ('Address has an invalid EIP-55 checksum. After looking up the address from the original source, try again.', '0xA0b86a33E6417c7ef38BC67B2F11D6B3DC0B5f55')
Uniswap price error: ('execution reverted', 'no data')
Uniswap price error: ('Address has an invalid EIP-55 checksum. After looking up the address from the original source, try again.', '0xA0b86a33E6417c7ef38BC67B2F11D6B3DC0B5f55')
SushiSwap price error: ('Address has an invalid EIP-55 checksum. After looking up the address from the original source, try again.', '0xA0b86a33E6417c7ef38BC67B2F11D6B3DC0B5f55')
Uniswap price error: ('execution reverted', 'no data')
Uniswap price error: ('execution reverted', 'no data')
Uniswap price error: ('Address has an invalid EIP-55 checksum. After looking up the address from the original source, try again.', '0xA0b86a33E6417c7ef38BC67B2F11D6B3DC0B5f55')
SushiSwap price error: ('Address has an invalid EIP-55 checksum. After looking up the address from the original source, try again.', '0xA0b86a33E6417c7ef38BC67B2F11D6B3DC0B5f55')
Uniswap price error: ('execution reverted', 'no data')
No profitable opportunities found
[21:39:43] Scanning for arbitrage opportunities...
Uniswap price error: ('Address has an invalid EIP-55 checksum. After looking up the address from the original source, try again.', '0xA0b86a33E6417c7ef38BC67B2F11D6B3DC0B5f55')
SushiSwap price error: ('Address has an invalid EIP-55 checksum. After looking up the address from the original source, try again.', '0xA0b86a33E6417c7ef38BC67B2F11D6B3DC0B5f55')
Uniswap price error: ('execution reverted', 'no data')
Uniswap price error: ('execution reverted', 'no data')
Uniswap price error: ('Address has an invalid EIP-55 checksum. After looking up the address from the original source, try again.', '0xA0b86a33E6417c7ef38BC67B2F11D6B3DC0B5f55')
SushiSwap price error: ('Address has an invalid EIP-55 checksum. After looking up the address from the original source, try again.', '0xA0b86a33E6417c7ef38BC67B2F11D6B3DC0B5f55')
Uniswap price error: ('Address has an invalid EIP-55 checksum. After looking up the address from the original source, try again.', '0xA0b86a33E6417c7ef38BC67B2F11D6B3DC0B5f55')
SushiSwap price error: ('Address has an invalid EIP-55 checksum. After looking up the address from the original source, try again.', '0xA0b86a33E6417c7ef38BC67B2F11D6B3DC0B5f55')
Uniswap price error: ('Address has an invalid EIP-55 checksum. After looking up the address from the original source, try again.', '0xA0b86a33E6417c7ef38BC67B2F11D6B3DC0B5f55')
SushiSwap price error: ('Address has an invalid EIP-55 checksum. After looking up the address from the original source, try again.', '0xA0b86a33E6417c7ef38BC67B2F11D6B3DC0B5f55')
Uniswap price error: ('execution reverted', 'no data')
Uniswap price error: ('Address has an invalid EIP-55 checksum. After looking up the address from the original source, try again.', '0xA0b86a33E6417c7ef38BC67B2F11D6B3DC0B5f55')
SushiSwap price error: ('Address has an invalid EIP-55 checksum. After looking up the address from the original source, try again.', '0xA0b86a33E6417c7ef38BC67B2F11D6B3DC0B5f55')
Uniswap price error: ('execution reverted', 'no data')
Uniswap price error: ('execution reverted', 'no data')
Uniswap price error: ('Address has an invalid EIP-55 checksum. After looking up the address from the original source, try again.', '0xA0b86a33E6417c7ef38BC67B2F11D6B3DC0B5f55')
SushiSwap price error: ('Address has an invalid EIP-55 checksum. After looking up the address from the original source, try again.', '0xA0b86a33E6417c7ef38BC67B2F11D6B3DC0B5f55')
Uniswap price error: ('execution reverted', 'no data')
No profitable opportunities found
[21:39:55] Scanning for arbitrage opportunities...
Uniswap price error: ('Address has an invalid EIP-55 checksum. After looking up the address from the original source, try again.', '0xA0b86a33E6417c7ef38BC67B2F11D6B3DC0B5f55')
SushiSwap price error: ('Address has an invalid EIP-55 checksum. After looking up the address from the original source, try again.', '0xA0b86a33E6417c7ef38BC67B2F11D6B3DC0B5f55')
Uniswap price error: ('execution reverted', 'no data')
Uniswap price error: ('execution reverted', 'no data')
Uniswap price error: ('Address has an invalid EIP-55 checksum. After looking up the address from the original source, try again.', '0xA0b86a33E6417c7ef38BC67B2F11D6B3DC0B5f55')
SushiSwap price error: ('Address has an invalid EIP-55 checksum. After looking up the address from the original source, try again.', '0xA0b86a33E6417c7ef38BC67B2F11D6B3DC0B5f55')
Uniswap price error: ('Address has an invalid EIP-55 checksum. After looking up the address from the original source, try again.', '0xA0b86a33E6417c7ef38BC67B2F11D6B3DC0B5f55')
SushiSwap price error: ('Address has an invalid EIP-55 checksum. After looking up the address from the original source, try again.', '0xA0b86a33E6417c7ef38BC67B2F11D6B3DC0B5f55')
Uniswap price error: ('Address has an invalid EIP-55 checksum. After looking up the address from the original source, try again.', '0xA0b86a33E6417c7ef38BC67B2F11D6B3DC0B5f55')
SushiSwap price error: ('Address has an invalid EIP-55 checksum. After looking up the address from the original source, try again.', '0xA0b86a33E6417c7ef38BC67B2F11D6B3DC0B5f55')
Uniswap price error: ('execution reverted', 'no data')
Uniswap price error: ('Address has an invalid EIP-55 checksum. After looking up the address from the original source, try again.', '0xA0b86a33E6417c7ef38BC67B2F11D6B3DC0B5f55')
SushiSwap price error: ('Address has an invalid EIP-55 checksum. After looking up the address from the original source, try again.', '0xA0b86a33E6417c7ef38BC67B2F11D6B3DC0B5f55')
Uniswap price error: ('execution reverted', 'no data')
Uniswap price error: ('execution reverted', 'no data')
Uniswap price error: ('Address has an invalid EIP-55 checksum. After looking up the address from the original source, try again.', '0xA0b86a33E6417c7ef38BC67B2F11D6B3DC0B5f55')
SushiSwap price error: ('Address has an invalid EIP-55 checksum. After looking up the address from the original source, try again.', '0xA0b86a33E6417c7ef38BC67B2F11D6B3DC0B5f55')
Uniswap price error: ('execution reverted', 'no data')
No profitable opportunities found
[21:40:07] Scanning for arbitrage opportunities...
Uniswap price error: ('Address has an invalid EIP-55 checksum. After looking up the address from the original source, try again.', '0xA0b86a33E6417c7ef38BC67B2F11D6B3DC0B5f55')
SushiSwap price error: ('Address has an invalid EIP-55 checksum. After looking up the address from the original source, try again.', '0xA0b86a33E6417c7ef38BC67B2F11D6B3DC0B5f55')
Uniswap price error: ('execution reverted', 'no data')
Uniswap price error: ('execution reverted', 'no data')
Uniswap price error: ('Address has an invalid EIP-55 checksum. After looking up the address from the original source, try again.', '0xA0b86a33E6417c7ef38BC67B2F11D6B3DC0B5f55')
SushiSwap price error: ('Address has an invalid EIP-55 checksum. After looking up the address from the original source, try again.', '0xA0b86a33E6417c7ef38BC67B2F11D6B3DC0B5f55')
Uniswap price error: ('Address has an invalid EIP-55 checksum. After looking up the address from the original source, try again.', '0xA0b86a33E6417c7ef38BC67B2F11D6B3DC0B5f55')
SushiSwap price error: ('Address has an invalid EIP-55 checksum. After looking up the address from the original source, try again.', '0xA0b86a33E6417c7ef38BC67B2F11D6B3DC0B5f55')
Uniswap price error: ('Address has an invalid EIP-55 checksum. After looking up the address from the original source, try again.', '0xA0b86a33E6417c7ef38BC67B2F11D6B3DC0B5f55')
SushiSwap price error: ('Address has an invalid EIP-55 checksum. After looking up the address from the original source, try again.', '0xA0b86a33E6417c7ef38BC67B2F11D6B3DC0B5f55')
Uniswap price error: ('execution reverted', 'no data')
Uniswap price error: ('Address has an invalid EIP-55 checksum. After looking up the address from the original source, try again.', '0xA0b86a33E6417c7ef38BC67B2F11D6B3DC0B5f55')
SushiSwap price error: ('Address has an invalid EIP-55 checksum. After looking up the address from the original source, try again.', '0xA0b86a33E6417c7ef38BC67B2F11D6B3DC0B5f55')
Uniswap price error: ('execution reverted', 'no data')
Uniswap price error: ('execution reverted', 'no data')
Uniswap price error: ('Address has an invalid EIP-55 checksum. After looking up the address from the original source, try again.', '0xA0b86a33E6417c7ef38BC67B2F11D6B3DC0B5f55')
SushiSwap price error: ('Address has an invalid EIP-55 checksum. After looking up the address from the original source, try again.', '0xA0b86a33E6417c7ef38BC67B2F11D6B3DC0B5f55')
Uniswap price error: ('execution reverted', 'no data')
No profitable opportunities found
[21:40:19] Scanning for arbitrage opportunities...
Uniswap price error: ('Address has an invalid EIP-55 checksum. After looking up the address from the original source, try again.', '0xA0b86a33E6417c7ef38BC67B2F11D6B3DC0B5f55')
SushiSwap price error: ('Address has an invalid EIP-55 checksum. After looking up the address from the original source, try again.', '0xA0b86a33E6417c7ef38BC67B2F11D6B3DC0B5f55')
Uniswap price error: ('execution reverted', 'no data')
Uniswap price error: ('execution reverted', 'no data')
Uniswap price error: ('Address has an invalid EIP-55 checksum. After looking up the address from the original source, try again.', '0xA0b86a33E6417c7ef38BC67B2F11D6B3DC0B5f55')
SushiSwap price error: ('Address has an invalid EIP-55 checksum. After looking up the address from the original source, try again.', '0xA0b86a33E6417c7ef38BC67B2F11D6B3DC0B5f55')
Uniswap price error: ('Address has an invalid EIP-55 checksum. After looking up the address from the original source, try again.', '0xA0b86a33E6417c7ef38BC67B2F11D6B3DC0B5f55')
SushiSwap price error: ('Address has an invalid EIP-55 checksum. After looking up the address from the original source, try again.', '0xA0b86a33E6417c7ef38BC67B2F11D6B3DC0B5f55')
Uniswap price error: ('Address has an invalid EIP-55 checksum. After looking up the address from the original source, try again.', '0xA0b86a33E6417c7ef38BC67B2F11D6B3DC0B5f55')
SushiSwap price error: ('Address has an invalid EIP-55 checksum. After looking up the address from the original source, try again.', '0xA0b86a33E6417c7ef38BC67B2F11D6B3DC0B5f55')
Uniswap price error: ('execution reverted', 'no data')
Uniswap price error: ('Address has an invalid EIP-55 checksum. After looking up the address from the original source, try again.', '0xA0b86a33E6417c7ef38BC67B2F11D6B3DC0B5f55')
SushiSwap price error: ('Address has an invalid EIP-55 checksum. After looking up the address from the original source, try again.', '0xA0b86a33E6417c7ef38BC67B2F11D6B3DC0B5f55')
Uniswap price error: ('execution reverted', 'no data')
Uniswap price error: ('execution reverted', 'no data')
Uniswap price error: ('Address has an invalid EIP-55 checksum. After looking up the address from the original source, try again.', '0xA0b86a33E6417c7ef38BC67B2F11D6B3DC0B5f55')
SushiSwap price error: ('Address has an invalid EIP-55 checksum. After looking up the address from the original source, try again.', '0xA0b86a33E6417c7ef38BC67B2F11D6B3DC0B5f55')
Uniswap price error: ('execution reverted', 'no data')
No profitable opportunities found
[21:40:32] Scanning for arbitrage opportunities...
Uniswap price error: ('Address has an invalid EIP-55 checksum. After looking up the address from the original source, try again.', '0xA0b86a33E6417c7ef38BC67B2F11D6B3DC0B5f55')
SushiSwap price error: ('Address has an invalid EIP-55 checksum. After looking up the address from the original source, try again.', '0xA0b86a33E6417c7ef38BC67B2F11D6B3DC0B5f55')
Uniswap price error: ('execution reverted', 'no data')
Uniswap price error: ('execution reverted', 'no data')
Uniswap price error: ('Address has an invalid EIP-55 checksum. After looking up the address from the original source, try again.', '0xA0b86a33E6417c7ef38BC67B2F11D6B3DC0B5f55')
SushiSwap price error: ('Address has an invalid EIP-55 checksum. After looking up the address from the original source, try again.', '0xA0b86a33E6417c7ef38BC67B2F11D6B3DC0B5f55')
Uniswap price error: ('Address has an invalid EIP-55 checksum. After looking up the address from the original source, try again.', '0xA0b86a33E6417c7ef38BC67B2F11D6B3DC0B5f55')
SushiSwap price error: ('Address has an invalid EIP-55 checksum. After looking up the address from the original source, try again.', '0xA0b86a33E6417c7ef38BC67B2F11D6B3DC0B5f55')
Uniswap price error: ('Address has an invalid EIP-55 checksum. After looking up the address from the original source, try again.', '0xA0b86a33E6417c7ef38BC67B2F11D6B3DC0B5f55')
SushiSwap price error: ('Address has an invalid EIP-55 checksum. After looking up the address from the original source, try again.', '0xA0b86a33E6417c7ef38BC67B2F11D6B3DC0B5f55')
Uniswap price error: ('execution reverted', 'no data')
Uniswap price error: ('Address has an invalid EIP-55 checksum. After looking up the address from the original source, try again.', '0xA0b86a33E6417c7ef38BC67B2F11D6B3DC0B5f55')
SushiSwap price error: ('Address has an invalid EIP-55 checksum. After looking up the address from the original source, try again.', '0xA0b86a33E6417c7ef38BC67B2F11D6B3DC0B5f55')
Uniswap price error: ('execution reverted', 'no data')
Uniswap price error: ('execution reverted', 'no data')
Uniswap price error: ('Address has an invalid EIP-55 checksum. After looking up the address from the original source, try again.', '0xA0b86a33E6417c7ef38BC67B2F11D6B3DC0B5f55')
SushiSwap price error: ('Address has an invalid EIP-55 checksum. After looking up the address from the original source, try again.', '0xA0b86a33E6417c7ef38BC67B2F11D6B3DC0B5f55')
Uniswap price error: ('execution reverted', 'no data')
No profitable opportunities found
[21:40:44] Scanning for arbitrage opportunities...
Uniswap price error: ('Address has an invalid EIP-55 checksum. After looking up the address from the original source, try again.', '0xA0b86a33E6417c7ef38BC67B2F11D6B3DC0B5f55')
SushiSwap price error: ('Address has an invalid EIP-55 checksum. After looking up the address from the original source, try again.', '0xA0b86a33E6417c7ef38BC67B2F11D6B3DC0B5f55')
Uniswap price error: ('execution reverted', 'no data')
Uniswap price error: ('execution reverted', 'no data')
Uniswap price error: ('Address has an invalid EIP-55 checksum. After looking up the address from the original source, try again.', '0xA0b86a33E6417c7ef38BC67B2F11D6B3DC0B5f55')
SushiSwap price error: ('Address has an invalid EIP-55 checksum. After looking up the address from the original source, try again.', '0xA0b86a33E6417c7ef38BC67B2F11D6B3DC0B5f55')
Uniswap price error: ('Address has an invalid EIP-55 checksum. After looking up the address from the original source, try again.', '0xA0b86a33E6417c7ef38BC67B2F11D6B3DC0B5f55')
SushiSwap price error: ('Address has an invalid EIP-55 checksum. After looking up the address from the original source, try again.', '0xA0b86a33E6417c7ef38BC67B2F11D6B3DC0B5f55')
Uniswap price error: ('Address has an invalid EIP-55 checksum. After looking up the address from the original source, try again.', '0xA0b86a33E6417c7ef38BC67B2F11D6B3DC0B5f55')
SushiSwap price error: ('Address has an invalid EIP-55 checksum. After looking up the address from the original source, try again.', '0xA0b86a33E6417c7ef38BC67B2F11D6B3DC0B5f55')
Uniswap price error: ('execution reverted', 'no data')
Uniswap price error: ('Address has an invalid EIP-55 checksum. After looking up the address from the original source, try again.', '0xA0b86a33E6417c7ef38BC67B2F11D6B3DC0B5f55')
SushiSwap price error: ('Address has an invalid EIP-55 checksum. After looking up the address from the original source, try again.', '0xA0b86a33E6417c7ef38BC67B2F11D6B3DC0B5f55')
Uniswap price error: ('execution reverted', 'no data')
Uniswap price error: ('execution reverted', 'no data')
Uniswap price error: ('Address has an invalid EIP-55 checksum. After looking up the address from the original source, try again.', '0xA0b86a33E6417c7ef38BC67B2F11D6B3DC0B5f55')
SushiSwap price error: ('Address has an invalid EIP-55 checksum. After looking up the address from the original source, try again.', '0xA0b86a33E6417c7ef38BC67B2F11D6B3DC0B5f55')
Uniswap price error: ('execution reverted', 'no data')
No profitable opportunities found
[21:40:56] Scanning for arbitrage opportunities...
Uniswap price error: ('Address has an invalid EIP-55 checksum. After looking up the address from the original source, try again.', '0xA0b86a33E6417c7ef38BC67B2F11D6B3DC0B5f55')
SushiSwap price error: ('Address has an invalid EIP-55 checksum. After looking up the address from the original source, try again.', '0xA0b86a33E6417c7ef38BC67B2F11D6B3DC0B5f55')
Uniswap price error: ('execution reverted', 'no data')
Uniswap price error: ('execution reverted', 'no data')
Uniswap price error: ('Address has an invalid EIP-55 checksum. After looking up the address from the original source, try again.', '0xA0b86a33E6417c7ef38BC67B2F11D6B3DC0B5f55')
SushiSwap price error: ('Address has an invalid EIP-55 checksum. After looking up the address from the original source, try again.', '0xA0b86a33E6417c7ef38BC67B2F11D6B3DC0B5f55')
Uniswap price error: ('Address has an invalid EIP-55 checksum. After looking up the address from the original source, try again.', '0xA0b86a33E6417c7ef38BC67B2F11D6B3DC0B5f55')
SushiSwap price error: ('Address has an invalid EIP-55 checksum. After looking up the address from the original source, try again.', '0xA0b86a33E6417c7ef38BC67B2F11D6B3DC0B5f55')
Uniswap price error: ('Address has an invalid EIP-55 checksum. After looking up the address from the original source, try again.', '0xA0b86a33E6417c7ef38BC67B2F11D6B3DC0B5f55')
SushiSwap price error: ('Address has an invalid EIP-55 checksum. After looking up the address from the original source, try again.', '0xA0b86a33E6417c7ef38BC67B2F11D6B3DC0B5f55')
Uniswap price error: ('execution reverted', 'no data')
Uniswap price error: ('Address has an invalid EIP-55 checksum. After looking up the address from the original source, try again.', '0xA0b86a33E6417c7ef38BC67B2F11D6B3DC0B5f55')
SushiSwap price error: ('Address has an invalid EIP-55 checksum. After looking up the address from the original source, try again.', '0xA0b86a33E6417c7ef38BC67B2F11D6B3DC0B5f55')
Uniswap price error: ('execution reverted', 'no data')
Uniswap price error: ('execution reverted', 'no data')
Uniswap price error: ('Address has an invalid EIP-55 checksum. After looking up the address from the original source, try again.', '0xA0b86a33E6417c7ef38BC67B2F11D6B3DC0B5f55')
SushiSwap price error: ('Address has an invalid EIP-55 checksum. After looking up the address from the original source, try again.', '0xA0b86a33E6417c7ef38BC67B2F11D6B3DC0B5f55')
Uniswap price error: ('execution reverted', 'no data')
No profitable opportunities found
[21:41:08] Scanning for arbitrage opportunities...
Uniswap price error: ('Address has an invalid EIP-55 checksum. After looking up the address from the original source, try again.', '0xA0b86a33E6417c7ef38BC67B2F11D6B3DC0B5f55')
SushiSwap price error: ('Address has an invalid EIP-55 checksum. After looking up the address from the original source, try again.', '0xA0b86a33E6417c7ef38BC67B2F11D6B3DC0B5f55')
Uniswap price error: ('execution reverted', 'no data')
Uniswap price error: ('execution reverted', 'no data')
Uniswap price error: ('Address has an invalid EIP-55 checksum. After looking up the address from the original source, try again.', '0xA0b86a33E6417c7ef38BC67B2F11D6B3DC0B5f55')
SushiSwap price error: ('Address has an invalid EIP-55 checksum. After looking up the address from the original source, try again.', '0xA0b86a33E6417c7ef38BC67B2F11D6B3DC0B5f55')
Uniswap price error: ('Address has an invalid EIP-55 checksum. After looking up the address from the original source, try again.', '0xA0b86a33E6417c7ef38BC67B2F11D6B3DC0B5f55')
SushiSwap price error: ('Address has an invalid EIP-55 checksum. After looking up the address from the original source, try again.', '0xA0b86a33E6417c7ef38BC67B2F11D6B3DC0B5f55')
Uniswap price error: ('Address has an invalid EIP-55 checksum. After looking up the address from the original source, try again.', '0xA0b86a33E6417c7ef38BC67B2F11D6B3DC0B5f55')
SushiSwap price error: ('Address has an invalid EIP-55 checksum. After looking up the address from the original source, try again.', '0xA0b86a33E6417c7ef38BC67B2F11D6B3DC0B5f55')
Uniswap price error: ('execution reverted', 'no data')
Uniswap price error: ('Address has an invalid EIP-55 checksum. After looking up the address from the original source, try again.', '0xA0b86a33E6417c7ef38BC67B2F11D6B3DC0B5f55')
SushiSwap price error: ('Address has an invalid EIP-55 checksum. After looking up the address from the original source, try again.', '0xA0b86a33E6417c7ef38BC67B2F11D6B3DC0B5f55')
Uniswap price error: ('execution reverted', 'no data')
Uniswap price error: ('execution reverted', 'no data')
Uniswap price error: ('Address has an invalid EIP-55 checksum. After looking up the address from the original source, try again.', '0xA0b86a33E6417c7ef38BC67B2F11D6B3DC0B5f55')
SushiSwap price error: ('Address has an invalid EIP-55 checksum. After looking up the address from the original source, try again.', '0xA0b86a33E6417c7ef38BC67B2F11D6B3DC0B5f55')
Uniswap price error: ('execution reverted', 'no data')
No profitable opportunities found
[21:41:21] Scanning for arbitrage opportunities...
Uniswap price error: ('Address has an invalid EIP-55 checksum. After looking up the address from the original source, try again.', '0xA0b86a33E6417c7ef38BC67B2F11D6B3DC0B5f55')
SushiSwap price error: ('Address has an invalid EIP-55 checksum. After looking up the address from the original source, try again.', '0xA0b86a33E6417c7ef38BC67B2F11D6B3DC0B5f55')
Uniswap price error: ('execution reverted', 'no data')
Uniswap price error: ('execution reverted', 'no data')
Uniswap price error: ('Address has an invalid EIP-55 checksum. After looking up the address from the original source, try again.', '0xA0b86a33E6417c7ef38BC67B2F11D6B3DC0B5f55')
SushiSwap price error: ('Address has an invalid EIP-55 checksum. After looking up the address from the original source, try again.', '0xA0b86a33E6417c7ef38BC67B2F11D6B3DC0B5f55')
Uniswap price error: ('Address has an invalid EIP-55 checksum. After looking up the address from the original source, try again.', '0xA0b86a33E6417c7ef38BC67B2F11D6B3DC0B5f55')
SushiSwap price error: ('Address has an invalid EIP-55 checksum. After looking up the address from the original source, try again.', '0xA0b86a33E6417c7ef38BC67B2F11D6B3DC0B5f55')
Uniswap price error: ('Address has an invalid EIP-55 checksum. After looking up the address from the original source, try again.', '0xA0b86a33E6417c7ef38BC67B2F11D6B3DC0B5f55')
SushiSwap price error: ('Address has an invalid EIP-55 checksum. After looking up the address from the original source, try again.', '0xA0b86a33E6417c7ef38BC67B2F11D6B3DC0B5f55')
Uniswap price error: ('execution reverted', 'no data')
Uniswap price error: ('Address has an invalid EIP-55 checksum. After looking up the address from the original source, try again.', '0xA0b86a33E6417c7ef38BC67B2F11D6B3DC0B5f55')
SushiSwap price error: ('Address has an invalid EIP-55 checksum. After looking up the address from the original source, try again.', '0xA0b86a33E6417c7ef38BC67B2F11D6B3DC0B5f55')
Uniswap price error: ('execution reverted', 'no data')
Uniswap price error: ('execution reverted', 'no data')
Uniswap price error: ('Address has an invalid EIP-55 checksum. After looking up the address from the original source, try again.', '0xA0b86a33E6417c7ef38BC67B2F11D6B3DC0B5f55')
SushiSwap price error: ('Address has an invalid EIP-55 checksum. After looking up the address from the original source, try again.', '0xA0b86a33E6417c7ef38BC67B2F11D6B3DC0B5f55')
Uniswap price error: ('execution reverted', 'no data')
No profitable opportunities found
[21:41:34] Scanning for arbitrage opportunities...
Uniswap price error: ('Address has an invalid EIP-55 checksum. After looking up the address from the original source, try again.', '0xA0b86a33E6417c7ef38BC67B2F11D6B3DC0B5f55')
SushiSwap price error: ('Address has an invalid EIP-55 checksum. After looking up the address from the original source, try again.', '0xA0b86a33E6417c7ef38BC67B2F11D6B3DC0B5f55')
Uniswap price error: ('execution reverted', 'no data')
Uniswap price error: ('execution reverted', 'no data')
Uniswap price error: ('Address has an invalid EIP-55 checksum. After looking up the address from the original source, try again.', '0xA0b86a33E6417c7ef38BC67B2F11D6B3DC0B5f55')
SushiSwap price error: ('Address has an invalid EIP-55 checksum. After looking up the address from the original source, try again.', '0xA0b86a33E6417c7ef38BC67B2F11D6B3DC0B5f55')
Uniswap price error: ('Address has an invalid EIP-55 checksum. After looking up the address from the original source, try again.', '0xA0b86a33E6417c7ef38BC67B2F11D6B3DC0B5f55')
SushiSwap price error: ('Address has an invalid EIP-55 checksum. After looking up the address from the original source, try again.', '0xA0b86a33E6417c7ef38BC67B2F11D6B3DC0B5f55')
Uniswap price error: ('Address has an invalid EIP-55 checksum. After looking up the address from the original source, try again.', '0xA0b86a33E6417c7ef38BC67B2F11D6B3DC0B5f55')
SushiSwap price error: ('Address has an invalid EIP-55 checksum. After looking up the address from the original source, try again.', '0xA0b86a33E6417c7ef38BC67B2F11D6B3DC0B5f55')
Uniswap price error: ('execution reverted', 'no data')
Uniswap price error: ('Address has an invalid EIP-55 checksum. After looking up the address from the original source, try again.', '0xA0b86a33E6417c7ef38BC67B2F11D6B3DC0B5f55')
SushiSwap price error: ('Address has an invalid EIP-55 checksum. After looking up the address from the original source, try again.', '0xA0b86a33E6417c7ef38BC67B2F11D6B3DC0B5f55')
Uniswap price error: ('execution reverted', 'no data')
Uniswap price error: ('execution reverted', 'no data')
Uniswap price error: ('Address has an invalid EIP-55 checksum. After looking up the address from the original source, try again.', '0xA0b86a33E6417c7ef38BC67B2F11D6B3DC0B5f55')
SushiSwap price error: ('Address has an invalid EIP-55 checksum. After looking up the address from the original source, try again.', '0xA0b86a33E6417c7ef38BC67B2F11D6B3DC0B5f55')
Uniswap price error: ('execution reverted', 'no data')
No profitable opportunities found
[21:41:47] Scanning for arbitrage opportunities...
Uniswap price error: ('Address has an invalid EIP-55 checksum. After looking up the address from the original source, try again.', '0xA0b86a33E6417c7ef38BC67B2F11D6B3DC0B5f55')
SushiSwap price error: ('Address has an invalid EIP-55 checksum. After looking up the address from the original source, try again.', '0xA0b86a33E6417c7ef38BC67B2F11D6B3DC0B5f55')
Uniswap price error: ('execution reverted', 'no data')
Uniswap price error: ('execution reverted', 'no data')
Uniswap price error: ('Address has an invalid EIP-55 checksum. After looking up the address from the original source, try again.', '0xA0b86a33E6417c7ef38BC67B2F11D6B3DC0B5f55')
SushiSwap price error: ('Address has an invalid EIP-55 checksum. After looking up the address from the original source, try again.', '0xA0b86a33E6417c7ef38BC67B2F11D6B3DC0B5f55')
Uniswap price error: ('Address has an invalid EIP-55 checksum. After looking up the address from the original source, try again.', '0xA0b86a33E6417c7ef38BC67B2F11D6B3DC0B5f55')
SushiSwap price error: ('Address has an invalid EIP-55 checksum. After looking up the address from the original source, try again.', '0xA0b86a33E6417c7ef38BC67B2F11D6B3DC0B5f55')
Uniswap price error: ('Address has an invalid EIP-55 checksum. After looking up the address from the original source, try again.', '0xA0b86a33E6417c7ef38BC67B2F11D6B3DC0B5f55')
SushiSwap price error: ('Address has an invalid EIP-55 checksum. After looking up the address from the original source, try again.', '0xA0b86a33E6417c7ef38BC67B2F11D6B3DC0B5f55')
Uniswap price error: ('execution reverted', 'no data')
Uniswap price error: ('Address has an invalid EIP-55 checksum. After looking up the address from the original source, try again.', '0xA0b86a33E6417c7ef38BC67B2F11D6B3DC0B5f55')
SushiSwap price error: ('Address has an invalid EIP-55 checksum. After looking up the address from the original source, try again.', '0xA0b86a33E6417c7ef38BC67B2F11D6B3DC0B5f55')
Uniswap price error: ('execution reverted', 'no data')
Uniswap price error: ('execution reverted', 'no data')
Uniswap price error: ('Address has an invalid EIP-55 checksum. After looking up the address from the original source, try again.', '0xA0b86a33E6417c7ef38BC67B2F11D6B3DC0B5f55')
SushiSwap price error: ('Address has an invalid EIP-55 checksum. After looking up the address from the original source, try again.', '0xA0b86a33E6417c7ef38BC67B2F11D6B3DC0B5f55')
Uniswap price error: ('execution reverted', 'no data')
No profitable opportunities found
[21:42:00] Scanning for arbitrage opportunities...
Uniswap price error: ('Address has an invalid EIP-55 checksum. After looking up the address from the original source, try again.', '0xA0b86a33E6417c7ef38BC67B2F11D6B3DC0B5f55')
SushiSwap price error: ('Address has an invalid EIP-55 checksum. After looking up the address from the original source, try again.', '0xA0b86a33E6417c7ef38BC67B2F11D6B3DC0B5f55')
Uniswap price error: ('execution reverted', 'no data')
Uniswap price error: ('execution reverted', 'no data')
Uniswap price error: ('Address has an invalid EIP-55 checksum. After looking up the address from the original source, try again.', '0xA0b86a33E6417c7ef38BC67B2F11D6B3DC0B5f55')
SushiSwap price error: ('Address has an invalid EIP-55 checksum. After looking up the address from the original source, try again.', '0xA0b86a33E6417c7ef38BC67B2F11D6B3DC0B5f55')
Uniswap price error: ('Address has an invalid EIP-55 checksum. After looking up the address from the original source, try again.', '0xA0b86a33E6417c7ef38BC67B2F11D6B3DC0B5f55')
SushiSwap price error: ('Address has an invalid EIP-55 checksum. After looking up the address from the original source, try again.', '0xA0b86a33E6417c7ef38BC67B2F11D6B3DC0B5f55')
Uniswap price error: ('Address has an invalid EIP-55 checksum. After looking up the address from the original source, try again.', '0xA0b86a33E6417c7ef38BC67B2F11D6B3DC0B5f55')
SushiSwap price error: ('Address has an invalid EIP-55 checksum. After looking up the address from the original source, try again.', '0xA0b86a33E6417c7ef38BC67B2F11D6B3DC0B5f55')
Uniswap price error: ('execution reverted', 'no data')
Uniswap price error: ('Address has an invalid EIP-55 checksum. After looking up the address from the original source, try again.', '0xA0b86a33E6417c7ef38BC67B2F11D6B3DC0B5f55')
SushiSwap price error: ('Address has an invalid EIP-55 checksum. After looking up the address from the original source, try again.', '0xA0b86a33E6417c7ef38BC67B2F11D6B3DC0B5f55')
Uniswap price error: ('execution reverted', 'no data')
Uniswap price error: ('execution reverted', 'no data')
Uniswap price error: ('Address has an invalid EIP-55 checksum. After looking up the address from the original source, try again.', '0xA0b86a33E6417c7ef38BC67B2F11D6B3DC0B5f55')
SushiSwap price error: ('Address has an invalid EIP-55 checksum. After looking up the address from the original source, try again.', '0xA0b86a33E6417c7ef38BC67B2F11D6B3DC0B5f55')
Uniswap price error: ('execution reverted', 'no data')
No profitable opportunities found
[21:42:13] Scanning for arbitrage opportunities...
Uniswap price error: ('Address has an invalid EIP-55 checksum. After looking up the address from the original source, try again.', '0xA0b86a33E6417c7ef38BC67B2F11D6B3DC0B5f55')
SushiSwap price error: ('Address has an invalid EIP-55 checksum. After looking up the address from the original source, try again.', '0xA0b86a33E6417c7ef38BC67B2F11D6B3DC0B5f55')
Uniswap price error: ('execution reverted', 'no data')
Uniswap price error: ('execution reverted', 'no data')
Uniswap price error: ('Address has an invalid EIP-55 checksum. After looking up the address from the original source, try again.', '0xA0b86a33E6417c7ef38BC67B2F11D6B3DC0B5f55')
SushiSwap price error: ('Address has an invalid EIP-55 checksum. After looking up the address from the original source, try again.', '0xA0b86a33E6417c7ef38BC67B2F11D6B3DC0B5f55')
Uniswap price error: ('Address has an invalid EIP-55 checksum. After looking up the address from the original source, try again.', '0xA0b86a33E6417c7ef38BC67B2F11D6B3DC0B5f55')
SushiSwap price error: ('Address has an invalid EIP-55 checksum. After looking up the address from the original source, try again.', '0xA0b86a33E6417c7ef38BC67B2F11D6B3DC0B5f55')
Uniswap price error: ('Address has an invalid EIP-55 checksum. After looking up the address from the original source, try again.', '0xA0b86a33E6417c7ef38BC67B2F11D6B3DC0B5f55')
SushiSwap price error: ('Address has an invalid EIP-55 checksum. After looking up the address from the original source, try again.', '0xA0b86a33E6417c7ef38BC67B2F11D6B3DC0B5f55')
Uniswap price error: ('execution reverted', 'no data')
Uniswap price error: ('Address has an invalid EIP-55 checksum. After looking up the address from the original source, try again.', '0xA0b86a33E6417c7ef38BC67B2F11D6B3DC0B5f55')
SushiSwap price error: ('Address has an invalid EIP-55 checksum. After looking up the address from the original source, try again.', '0xA0b86a33E6417c7ef38BC67B2F11D6B3DC0B5f55')
Uniswap price error: ('execution reverted', 'no data')
Uniswap price error: ('execution reverted', 'no data')
Uniswap price error: ('Address has an invalid EIP-55 checksum. After looking up the address from the original source, try again.', '0xA0b86a33E6417c7ef38BC67B2F11D6B3DC0B5f55')
SushiSwap price error: ('Address has an invalid EIP-55 checksum. After looking up the address from the original source, try again.', '0xA0b86a33E6417c7ef38BC67B2F11D6B3DC0B5f55')
Uniswap price error: ('execution reverted', 'no data')
No profitable opportunities found
[21:42:26] Scanning for arbitrage opportunities...
Uniswap price error: ('Address has an invalid EIP-55 checksum. After looking up the address from the original source, try again.', '0xA0b86a33E6417c7ef38BC67B2F11D6B3DC0B5f55')
SushiSwap price error: ('Address has an invalid EIP-55 checksum. After looking up the address from the original source, try again.', '0xA0b86a33E6417c7ef38BC67B2F11D6B3DC0B5f55')
Uniswap price error: ('execution reverted', 'no data')
Uniswap price error: ('execution reverted', 'no data')
Uniswap price error: ('Address has an invalid EIP-55 checksum. After looking up the address from the original source, try again.', '0xA0b86a33E6417c7ef38BC67B2F11D6B3DC0B5f55')
SushiSwap price error: ('Address has an invalid EIP-55 checksum. After looking up the address from the original source, try again.', '0xA0b86a33E6417c7ef38BC67B2F11D6B3DC0B5f55')
Uniswap price error: ('Address has an invalid EIP-55 checksum. After looking up the address from the original source, try again.', '0xA0b86a33E6417c7ef38BC67B2F11D6B3DC0B5f55')
SushiSwap price error: ('Address has an invalid EIP-55 checksum. After looking up the address from the original source, try again.', '0xA0b86a33E6417c7ef38BC67B2F11D6B3DC0B5f55')
Uniswap price error: ('Address has an invalid EIP-55 checksum. After looking up the address from the original source, try again.', '0xA0b86a33E6417c7ef38BC67B2F11D6B3DC0B5f55')
SushiSwap price error: ('Address has an invalid EIP-55 checksum. After looking up the address from the original source, try again.', '0xA0b86a33E6417c7ef38BC67B2F11D6B3DC0B5f55')
Uniswap price error: ('execution reverted', 'no data')
Uniswap price error: ('Address has an invalid EIP-55 checksum. After looking up the address from the original source, try again.', '0xA0b86a33E6417c7ef38BC67B2F11D6B3DC0B5f55')
SushiSwap price error: ('Address has an invalid EIP-55 checksum. After looking up the address from the original source, try again.', '0xA0b86a33E6417c7ef38BC67B2F11D6B3DC0B5f55')
Uniswap price error: ('execution reverted', 'no data')
Uniswap price error: ('execution reverted', 'no data')
Uniswap price error: ('Address has an invalid EIP-55 checksum. After looking up the address from the original source, try again.', '0xA0b86a33E6417c7ef38BC67B2F11D6B3DC0B5f55')
SushiSwap price error: ('Address has an invalid EIP-55 checksum. After looking up the address from the original source, try again.', '0xA0b86a33E6417c7ef38BC67B2F11D6B3DC0B5f55')
Uniswap price error: ('execution reverted', 'no data')
No profitable opportunities found
[21:42:39] Scanning for arbitrage opportunities...
Uniswap price error: ('Address has an invalid EIP-55 checksum. After looking up the address from the original source, try again.', '0xA0b86a33E6417c7ef38BC67B2F11D6B3DC0B5f55')
SushiSwap price error: ('Address has an invalid EIP-55 checksum. After looking up the address from the original source, try again.', '0xA0b86a33E6417c7ef38BC67B2F11D6B3DC0B5f55')
Uniswap price error: ('execution reverted', 'no data')
Uniswap price error: ('execution reverted', 'no data')
Uniswap price error: ('Address has an invalid EIP-55 checksum. After looking up the address from the original source, try again.', '0xA0b86a33E6417c7ef38BC67B2F11D6B3DC0B5f55')
SushiSwap price error: ('Address has an invalid EIP-55 checksum. After looking up the address from the original source, try again.', '0xA0b86a33E6417c7ef38BC67B2F11D6B3DC0B5f55')
Uniswap price error: ('Address has an invalid EIP-55 checksum. After looking up the address from the original source, try again.', '0xA0b86a33E6417c7ef38BC67B2F11D6B3DC0B5f55')
SushiSwap price error: ('Address has an invalid EIP-55 checksum. After looking up the address from the original source, try again.', '0xA0b86a33E6417c7ef38BC67B2F11D6B3DC0B5f55')
Uniswap price error: ('Address has an invalid EIP-55 checksum. After looking up the address from the original source, try again.', '0xA0b86a33E6417c7ef38BC67B2F11D6B3DC0B5f55')
SushiSwap price error: ('Address has an invalid EIP-55 checksum. After looking up the address from the original source, try again.', '0xA0b86a33E6417c7ef38BC67B2F11D6B3DC0B5f55')
Uniswap price error: ('execution reverted', 'no data')
Uniswap price error: ('Address has an invalid EIP-55 checksum. After looking up the address from the original source, try again.', '0xA0b86a33E6417c7ef38BC67B2F11D6B3DC0B5f55')
SushiSwap price error: ('Address has an invalid EIP-55 checksum. After looking up the address from the original source, try again.', '0xA0b86a33E6417c7ef38BC67B2F11D6B3DC0B5f55')
Uniswap price error: ('execution reverted', 'no data')
Uniswap price error: ('execution reverted', 'no data')
Uniswap price error: ('Address has an invalid EIP-55 checksum. After looking up the address from the original source, try again.', '0xA0b86a33E6417c7ef38BC67B2F11D6B3DC0B5f55')
SushiSwap price error: ('Address has an invalid EIP-55 checksum. After looking up the address from the original source, try again.', '0xA0b86a33E6417c7ef38BC67B2F11D6B3DC0B5f55')
Uniswap price error: ('execution reverted', 'no data')
No profitable opportunities found
[21:42:52] Scanning for arbitrage opportunities...
Uniswap price error: ('Address has an invalid EIP-55 checksum. After looking up the address from the original source, try again.', '0xA0b86a33E6417c7ef38BC67B2F11D6B3DC0B5f55')
SushiSwap price error: ('Address has an invalid EIP-55 checksum. After looking up the address from the original source, try again.', '0xA0b86a33E6417c7ef38BC67B2F11D6B3DC0B5f55')
Uniswap price error: ('execution reverted', 'no data')
Uniswap price error: ('execution reverted', 'no data')
Uniswap price error: ('Address has an invalid EIP-55 checksum. After looking up the address from the original source, try again.', '0xA0b86a33E6417c7ef38BC67B2F11D6B3DC0B5f55')
SushiSwap price error: ('Address has an invalid EIP-55 checksum. After looking up the address from the original source, try again.', '0xA0b86a33E6417c7ef38BC67B2F11D6B3DC0B5f55')
Uniswap price error: ('Address has an invalid EIP-55 checksum. After looking up the address from the original source, try again.', '0xA0b86a33E6417c7ef38BC67B2F11D6B3DC0B5f55')
SushiSwap price error: ('Address has an invalid EIP-55 checksum. After looking up the address from the original source, try again.', '0xA0b86a33E6417c7ef38BC67B2F11D6B3DC0B5f55')
Uniswap price error: ('Address has an invalid EIP-55 checksum. After looking up the address from the original source, try again.', '0xA0b86a33E6417c7ef38BC67B2F11D6B3DC0B5f55')
SushiSwap price error: ('Address has an invalid EIP-55 checksum. After looking up the address from the original source, try again.', '0xA0b86a33E6417c7ef38BC67B2F11D6B3DC0B5f55')
Uniswap price error: ('execution reverted', 'no data')
Uniswap price error: ('Address has an invalid EIP-55 checksum. After looking up the address from the original source, try again.', '0xA0b86a33E6417c7ef38BC67B2F11D6B3DC0B5f55')
SushiSwap price error: ('Address has an invalid EIP-55 checksum. After looking up the address from the original source, try again.', '0xA0b86a33E6417c7ef38BC67B2F11D6B3DC0B5f55')
Uniswap price error: ('execution reverted', 'no data')
Uniswap price error: ('execution reverted', 'no data')
Uniswap price error: ('Address has an invalid EIP-55 checksum. After looking up the address from the original source, try again.', '0xA0b86a33E6417c7ef38BC67B2F11D6B3DC0B5f55')
SushiSwap price error: ('Address has an invalid EIP-55 checksum. After looking up the address from the original source, try again.', '0xA0b86a33E6417c7ef38BC67B2F11D6B3DC0B5f55')
Uniswap price error: ('execution reverted', 'no data')
No profitable opportunities found
[21:43:05] Scanning for arbitrage opportunities...
Uniswap price error: ('Address has an invalid EIP-55 checksum. After looking up the address from the original source, try again.', '0xA0b86a33E6417c7ef38BC67B2F11D6B3DC0B5f55')
SushiSwap price error: ('Address has an invalid EIP-55 checksum. After looking up the address from the original source, try again.', '0xA0b86a33E6417c7ef38BC67B2F11D6B3DC0B5f55')
Uniswap price error: ('execution reverted', 'no data')
Uniswap price error: ('execution reverted', 'no data')
Uniswap price error: ('Address has an invalid EIP-55 checksum. After looking up the address from the original source, try again.', '0xA0b86a33E6417c7ef38BC67B2F11D6B3DC0B5f55')
SushiSwap price error: ('Address has an invalid EIP-55 checksum. After looking up the address from the original source, try again.', '0xA0b86a33E6417c7ef38BC67B2F11D6B3DC0B5f55')
Uniswap price error: ('Address has an invalid EIP-55 checksum. After looking up the address from the original source, try again.', '0xA0b86a33E6417c7ef38BC67B2F11D6B3DC0B5f55')
SushiSwap price error: ('Address has an invalid EIP-55 checksum. After looking up the address from the original source, try again.', '0xA0b86a33E6417c7ef38BC67B2F11D6B3DC0B5f55')
Uniswap price error: ('Address has an invalid EIP-55 checksum. After looking up the address from the original source, try again.', '0xA0b86a33E6417c7ef38BC67B2F11D6B3DC0B5f55')
SushiSwap price error: ('Address has an invalid EIP-55 checksum. After looking up the address from the original source, try again.', '0xA0b86a33E6417c7ef38BC67B2F11D6B3DC0B5f55')
Uniswap price error: ('execution reverted', 'no data')
Uniswap price error: ('Address has an invalid EIP-55 checksum. After looking up the address from the original source, try again.', '0xA0b86a33E6417c7ef38BC67B2F11D6B3DC0B5f55')
SushiSwap price error: ('Address has an invalid EIP-55 checksum. After looking up the address from the original source, try again.', '0xA0b86a33E6417c7ef38BC67B2F11D6B3DC0B5f55')
Uniswap price error: ('execution reverted', 'no data')
Uniswap price error: ('execution reverted', 'no data')
Uniswap price error: ('Address has an invalid EIP-55 checksum. After looking up the address from the original source, try again.', '0xA0b86a33E6417c7ef38BC67B2F11D6B3DC0B5f55')
SushiSwap price error: ('Address has an invalid EIP-55 checksum. After looking up the address from the original source, try again.', '0xA0b86a33E6417c7ef38BC67B2F11D6B3DC0B5f55')
Uniswap price error: ('execution reverted', 'no data')
No profitable opportunities found
[21:43:18] Scanning for arbitrage opportunities...
Uniswap price error: ('Address has an invalid EIP-55 checksum. After looking up the address from the original source, try again.', '0xA0b86a33E6417c7ef38BC67B2F11D6B3DC0B5f55')
SushiSwap price error: ('Address has an invalid EIP-55 checksum. After looking up the address from the original source, try again.', '0xA0b86a33E6417c7ef38BC67B2F11D6B3DC0B5f55')
Uniswap price error: ('execution reverted', 'no data')
Uniswap price error: ('execution reverted', 'no data')
Uniswap price error: ('Address has an invalid EIP-55 checksum. After looking up the address from the original source, try again.', '0xA0b86a33E6417c7ef38BC67B2F11D6B3DC0B5f55')
SushiSwap price error: ('Address has an invalid EIP-55 checksum. After looking up the address from the original source, try again.', '0xA0b86a33E6417c7ef38BC67B2F11D6B3DC0B5f55')
Uniswap price error: ('Address has an invalid EIP-55 checksum. After looking up the address from the original source, try again.', '0xA0b86a33E6417c7ef38BC67B2F11D6B3DC0B5f55')
SushiSwap price error: ('Address has an invalid EIP-55 checksum. After looking up the address from the original source, try again.', '0xA0b86a33E6417c7ef38BC67B2F11D6B3DC0B5f55')
Uniswap price error: ('Address has an invalid EIP-55 checksum. After looking up the address from the original source, try again.', '0xA0b86a33E6417c7ef38BC67B2F11D6B3DC0B5f55')
SushiSwap price error: ('Address has an invalid EIP-55 checksum. After looking up the address from the original source, try again.', '0xA0b86a33E6417c7ef38BC67B2F11D6B3DC0B5f55')
Uniswap price error: ('execution reverted', 'no data')
Uniswap price error: ('Address has an invalid EIP-55 checksum. After looking up the address from the original source, try again.', '0xA0b86a33E6417c7ef38BC67B2F11D6B3DC0B5f55')
SushiSwap price error: ('Address has an invalid EIP-55 checksum. After looking up the address from the original source, try again.', '0xA0b86a33E6417c7ef38BC67B2F11D6B3DC0B5f55')
Uniswap price error: ('execution reverted', 'no data')
Uniswap price error: ('execution reverted', 'no data')
Uniswap price error: ('Address has an invalid EIP-55 checksum. After looking up the address from the original source, try again.', '0xA0b86a33E6417c7ef38BC67B2F11D6B3DC0B5f55')[2025-08-17 21:43:44] Stopping flash loan arbitrage system...
[2025-08-17 21:43:44] All arbitrage systems stopped
