[2025-08-17 21:13:44] Starting Trading Bot System...
[2025-08-17 21:13:44] Starting Python orchestrator...
[2025-08-17 21:14:04] Starting Trading Bot System...
[2025-08-17 21:14:04] Starting Python orchestrator...
[2025-08-17 21:14:04] Python orchestrator started (PID: 5681)
[2025-08-17 21:14:06] Starting Node.js HFT engine...
[2025-08-17 21:14:06] Node.js HFT engine started (PID: 5699)
[2025-08-17 21:14:08] Rust executor not built, skipping...
[2025-08-17 21:14:10] Go aggregator not built, skipping...
[2025-08-17 21:14:12] C++ strategy engine not built, skipping...
[2025-08-17 21:14:14] Java risk manager not built, skipping...
[2025-08-17 21:14:14] All components started
[2025-08-17 21:23:54] Starting Trading Bot System...
[2025-08-17 21:23:54] Starting Python orchestrator...
[2025-08-17 21:23:54] Python orchestrator started (PID: 5986)
[2025-08-17 21:23:57] Starting Node.js HFT engine...
[2025-08-17 21:23:57] Node.js HFT engine started (PID: 6004)
[2025-08-17 21:24:00] Rust executor not built, skipping...
[2025-08-17 21:24:03] Go aggregator not built, skipping...
[2025-08-17 21:24:06] C++ strategy engine not built, skipping...
[2025-08-17 21:24:09] Java risk manager not built, skipping...
[2025-08-17 21:24:11] Trading Bot System Status:
[2025-08-17 21:24:11]   ❌ python_orchestrator (PID: 5986) - STOPPED
[2025-08-17 21:24:11]   ❌ node_hft (PID: 6004) - STOPPED
[2025-08-17 21:24:11]   ⚪ rust_executor - NOT STARTED
[2025-08-17 21:24:11]   ⚪ go_aggregator - NOT STARTED
[2025-08-17 21:24:11]   ⚪ cpp_strategy - NOT STARTED
[2025-08-17 21:24:11]   ⚪ java_risk - NOT STARTED
[2025-08-17 21:24:11] All components started. Use './launch_trading_bot.sh logs' to monitor activity.
[2025-08-17 21:24:44] Tailing logs (Ctrl+C to stop)...
[2025-08-17 21:24:50] Shutting down trading bot system...
[2025-08-17 21:24:50] Trading bot system stopped
[2025-08-17 21:24:59] Tailing logs (Ctrl+C to stop)...
[2025-08-17 21:25:34] Shutting down trading bot system...
[2025-08-17 21:25:34] Trading bot system stopped
[2025-08-17 21:25:35] Installing all dependencies and building components...
[2025-08-17 21:25:35] Checking system dependencies...
[2025-08-17 21:25:35] All dependencies found
[2025-08-17 21:25:35] Installing system dependencies...
[2025-08-17 21:25:41] Tailing logs (Ctrl+C to stop)...
[2025-08-17 21:26:06] Shutting down trading bot system...
[2025-08-17 21:26:06] Trading bot system stopped
[2025-08-17 21:26:22] Shutting down trading bot system...
[2025-08-17 21:26:22] Trading bot system stopped
[2025-08-17 21:26:51] Starting Trading Bot System...
[2025-08-17 21:26:51] Starting Python orchestrator...
[2025-08-17 21:26:51] Python orchestrator started (PID: 6789)
[2025-08-17 21:26:54] Starting Node.js HFT engine...
[2025-08-17 21:26:54] Node.js HFT engine started (PID: 6814)
[2025-08-17 21:26:57] Rust executor not built, skipping...
[2025-08-17 21:27:00] Go aggregator not built, skipping...
[2025-08-17 21:27:00] Shutting down trading bot system...
[2025-08-17 21:27:00] Trading bot system stopped
[2025-08-17 21:27:06] Installing all dependencies and building components...
[2025-08-17 21:27:06] Checking system dependencies...
[2025-08-17 21:27:06] All dependencies found
[2025-08-17 21:27:06] Installing system dependencies...
[2025-08-17 21:27:51] Cleaning previous builds...
[2025-08-17 21:27:52] Clean completed
[2025-08-17 21:28:01] Installing all dependencies and building components...
[2025-08-17 21:28:01] Checking system dependencies...
[2025-08-17 21:28:01] All dependencies found
[2025-08-17 21:28:01] Installing system dependencies...
[2025-08-17 21:28:16] Shutting down trading bot system...
[2025-08-17 21:28:16] Trading bot system stopped
[2025-08-17 21:28:17] Starting Trading Bot System...
[2025-08-17 21:28:17] Starting Python orchestrator...
[2025-08-17 21:28:32] Cleaning previous builds...
[2025-08-17 21:28:32] Clean completed
